<?xml version="1.0" encoding="UTF-8"?>
<testsuite xmlns:xsi="http://www.w3.org/2001/XMLSchema-instance" xsi:noNamespaceSchemaLocation="https://maven.apache.org/surefire/maven-surefire-plugin/xsd/surefire-test-report-3.0.xsd" version="3.0" name="com.github.msubramanian.githubanalyzer.GithubAccountProducerTest" time="2.503" tests="2" errors="0" skipped="0" failures="0">
  <properties>
[...]
</properties>
  <testcase name="testProducerInitialization" classname="com.github.msubramanian.githubanalyzer.GithubAccountProducerTest" time="0.382">
    <system-out><![CDATA[19:51:42.040 [main] INFO org.springframework.test.context.support.AnnotationConfigContextLoaderUtils -- Could not detect default configuration classes for test class [com.github.msubramanian.githubanalyzer.GithubAccountProducerTest]: GithubAccountProducerTest does not declare any static, non-private, non-final, nested classes annotated with @Configuration.
19:51:42.081 [main] INFO org.springframework.boot.test.context.SpringBootTestContextBootstrapper -- Found @SpringBootConfiguration com.github.msubramanian.githubanalyzer.GithubKafkaApplication for test class com.github.msubramanian.githubanalyzer.GithubAccountProducerTest

  .   ____          _            __ _ _
 /\\ / ___'_ __ _ _(_)_ __  __ _ \ \ \ \
( ( )\___ | '_ | '_| | '_ \/ _` | \ \ \ \
 \\/  ___)| |_)| | | | | || (_| |  ) ) ) )
  '  |____| .__|_| |_|_| |_\__, | / / / /
 =========|_|==============|___/=/_/_/_/

 :: Spring Boot ::                (v3.3.4)

2025-10-24T19:51:42.265+05:30  INFO 52456 --- [           main] k.utils.Log4jControllerRegistration$     : Registered kafka:type=kafka.Log4jController MBean
2025-10-24T19:51:42.285+05:30  INFO 52456 --- [           main] o.a.zookeeper.server.ZooKeeperServer     : 
2025-10-24T19:51:42.285+05:30  INFO 52456 --- [           main] o.a.zookeeper.server.ZooKeeperServer     :   ______                  _                                          
2025-10-24T19:51:42.285+05:30  INFO 52456 --- [           main] o.a.zookeeper.server.ZooKeeperServer     :  |___  /                 | |                                         
2025-10-24T19:51:42.285+05:30  INFO 52456 --- [           main] o.a.zookeeper.server.ZooKeeperServer     :     / /    ___     ___   | | __   ___    ___   _ __     ___   _ __   
2025-10-24T19:51:42.285+05:30  INFO 52456 --- [           main] o.a.zookeeper.server.ZooKeeperServer     :    / /    / _ \   / _ \  | |/ /  / _ \  / _ \ | '_ \   / _ \ | '__|
2025-10-24T19:51:42.285+05:30  INFO 52456 --- [           main] o.a.zookeeper.server.ZooKeeperServer     :   / /__  | (_) | | (_) | |   <  |  __/ |  __/ | |_) | |  __/ | |    
2025-10-24T19:51:42.285+05:30  INFO 52456 --- [           main] o.a.zookeeper.server.ZooKeeperServer     :  /_____|  \___/   \___/  |_|\_\  \___|  \___| | .__/   \___| |_|
2025-10-24T19:51:42.285+05:30  INFO 52456 --- [           main] o.a.zookeeper.server.ZooKeeperServer     :                                               | |                     
2025-10-24T19:51:42.285+05:30  INFO 52456 --- [           main] o.a.zookeeper.server.ZooKeeperServer     :                                               |_|                     
2025-10-24T19:51:42.285+05:30  INFO 52456 --- [           main] o.a.zookeeper.server.ZooKeeperServer     : 
2025-10-24T19:51:42.309+05:30  INFO 52456 --- [           main] o.a.zookeeper.server.ZooKeeperServer     : Server environment:zookeeper.version=3.8.4-9316c2a7a97e1666d8f4593f34dd6fc36ecc436c, built on 2024-02-12 22:16 UTC
2025-10-24T19:51:42.309+05:30  INFO 52456 --- [           main] o.a.zookeeper.server.ZooKeeperServer     : Server environment:host.name=192.168.0.132
2025-10-24T19:51:42.309+05:30  INFO 52456 --- [           main] o.a.zookeeper.server.ZooKeeperServer     : Server environment:java.version=23.0.2
2025-10-24T19:51:42.309+05:30  INFO 52456 --- [           main] o.a.zookeeper.server.ZooKeeperServer     : Server environment:java.vendor=Homebrew
2025-10-24T19:51:42.309+05:30  INFO 52456 --- [           main] o.a.zookeeper.server.ZooKeeperServer     : Server environment:java.home=/opt/homebrew/Cellar/openjdk/23.0.2/libexec/openjdk.jdk/Contents/Home
2025-10-24T19:51:42.309+05:30  INFO 52456 --- [           main] o.a.zookeeper.server.ZooKeeperServer     : Server environment:java.class.path=/Users/msubramanian/Documents/T3Plan/Kafka-Capstone/Kafka-CapstoneProject/target/test-classes:/Users/msubramanian/Documents/T3Plan/Kafka-Capstone/Kafka-CapstoneProject/target/classes:/Users/msubramanian/.m2/repository/org/springframework/boot/spring-boot-starter/3.3.4/spring-boot-starter-3.3.4.jar:/Users/msubramanian/.m2/repository/org/springframework/boot/spring-boot/3.3.4/spring-boot-3.3.4.jar:/Users/msubramanian/.m2/repository/org/springframework/boot/spring-boot-autoconfigure/3.3.4/spring-boot-autoconfigure-3.3.4.jar:/Users/msubramanian/.m2/repository/org/springframework/boot/spring-boot-starter-logging/3.3.4/spring-boot-starter-logging-3.3.4.jar:/Users/msubramanian/.m2/repository/ch/qos/logback/logback-classic/1.5.8/logback-classic-1.5.8.jar:/Users/msubramanian/.m2/repository/org/apache/logging/log4j/log4j-to-slf4j/2.23.1/log4j-to-slf4j-2.23.1.jar:/Users/msubramanian/.m2/repository/org/apache/logging/log4j/log4j-api/2.23.1/log4j-api-2.23.1.jar:/Users/msubramanian/.m2/repository/org/slf4j/jul-to-slf4j/2.0.16/jul-to-slf4j-2.0.16.jar:/Users/msubramanian/.m2/repository/jakarta/annotation/jakarta.annotation-api/2.1.1/jakarta.annotation-api-2.1.1.jar:/Users/msubramanian/.m2/repository/org/springframework/spring-core/6.1.13/spring-core-6.1.13.jar:/Users/msubramanian/.m2/repository/org/springframework/spring-jcl/6.1.13/spring-jcl-6.1.13.jar:/Users/msubramanian/.m2/repository/org/yaml/snakeyaml/2.2/snakeyaml-2.2.jar:/Users/msubramanian/.m2/repository/org/springframework/kafka/spring-kafka/3.2.4/spring-kafka-3.2.4.jar:/Users/msubramanian/.m2/repository/org/springframework/spring-context/6.1.13/spring-context-6.1.13.jar:/Users/msubramanian/.m2/repository/org/springframework/spring-aop/6.1.13/spring-aop-6.1.13.jar:/Users/msubramanian/.m2/repository/org/springframework/spring-beans/6.1.13/spring-beans-6.1.13.jar:/Users/msubramanian/.m2/repository/org/springframework/spring-expression/6.1.13/spring-expression-6.1.13.jar:/Users/msubramanian/.m2/repository/org/springframework/spring-messaging/6.1.13/spring-messaging-6.1.13.jar:/Users/msubramanian/.m2/repository/org/springframework/spring-tx/6.1.13/spring-tx-6.1.13.jar:/Users/msubramanian/.m2/repository/org/springframework/retry/spring-retry/2.0.9/spring-retry-2.0.9.jar:/Users/msubramanian/.m2/repository/org/apache/kafka/kafka-clients/3.7.1/kafka-clients-3.7.1.jar:/Users/msubramanian/.m2/repository/com/github/luben/zstd-jni/1.5.6-3/zstd-jni-1.5.6-3.jar:/Users/msubramanian/.m2/repository/org/lz4/lz4-java/1.8.0/lz4-java-1.8.0.jar:/Users/msubramanian/.m2/repository/org/xerial/snappy/snappy-java/1.1.10.5/snappy-java-1.1.10.5.jar:/Users/msubramanian/.m2/repository/io/micrometer/micrometer-observation/1.13.4/micrometer-observation-1.13.4.jar:/Users/msubramanian/.m2/repository/io/micrometer/micrometer-commons/1.13.4/micrometer-commons-1.13.4.jar:/Users/msubramanian/.m2/repository/org/apache/kafka/kafka-streams/3.7.1/kafka-streams-3.7.1.jar:/Users/msubramanian/.m2/repository/org/rocksdb/rocksdbjni/7.9.2/rocksdbjni-7.9.2.jar:/Users/msubramanian/.m2/repository/org/slf4j/slf4j-api/2.0.16/slf4j-api-2.0.16.jar:/Users/msubramanian/.m2/repository/com/fasterxml/jackson/core/jackson-annotations/2.17.2/jackson-annotations-2.17.2.jar:/Users/msubramanian/.m2/repository/com/fasterxml/jackson/core/jackson-databind/2.17.2/jackson-databind-2.17.2.jar:/Users/msubramanian/.m2/repository/com/fasterxml/jackson/core/jackson-core/2.17.2/jackson-core-2.17.2.jar:/Users/msubramanian/.m2/repository/org/apache/httpcomponents/client5/httpclient5/5.3.1/httpclient5-5.3.1.jar:/Users/msubramanian/.m2/repository/org/apache/httpcomponents/core5/httpcore5/5.2.5/httpcore5-5.2.5.jar:/Users/msubramanian/.m2/repository/org/apache/httpcomponents/core5/httpcore5-h2/5.2.5/httpcore5-h2-5.2.5.jar:/Users/msubramanian/.m2/repository/org/springframework/boot/spring-boot-starter-test/3.3.4/spring-boot-starter-test-3.3.4.jar:/Users/msubramanian/.m2/repository/org/springframework/boot/spring-boot-test/3.3.4/spring-boot-test-3.3.4.jar:/Users/msubramanian/.m2/repository/org/springframework/boot/spring-boot-test-autoconfigure/3.3.4/spring-boot-test-autoconfigure-3.3.4.jar:/Users/msubramanian/.m2/repository/com/jayway/jsonpath/json-path/2.9.0/json-path-2.9.0.jar:/Users/msubramanian/.m2/repository/jakarta/xml/bind/jakarta.xml.bind-api/4.0.2/jakarta.xml.bind-api-4.0.2.jar:/Users/msubramanian/.m2/repository/jakarta/activation/jakarta.activation-api/2.1.3/jakarta.activation-api-2.1.3.jar:/Users/msubramanian/.m2/repository/net/minidev/json-smart/2.5.1/json-smart-2.5.1.jar:/Users/msubramanian/.m2/repository/net/minidev/accessors-smart/2.5.1/accessors-smart-2.5.1.jar:/Users/msubramanian/.m2/repository/org/ow2/asm/asm/9.6/asm-9.6.jar:/Users/msubramanian/.m2/repository/org/assertj/assertj-core/3.25.3/assertj-core-3.25.3.jar:/Users/msubramanian/.m2/repository/net/bytebuddy/byte-buddy/1.14.19/byte-buddy-1.14.19.jar:/Users/msubramanian/.m2/repository/org/awaitility/awaitility/4.2.2/awaitility-4.2.2.jar:/Users/msubramanian/.m2/repository/org/hamcrest/hamcrest/2.2/hamcrest-2.2.jar:/Users/msubramanian/.m2/repository/org/junit/jupiter/junit-jupiter/5.10.3/junit-jupiter-5.10.3.jar:/Users/msubramanian/.m2/repository/org/junit/jupiter/junit-jupiter-params/5.10.3/junit-jupiter-params-5.10.3.jar:/Users/msubramanian/.m2/repository/org/junit/jupiter/junit-jupiter-engine/5.10.3/junit-jupiter-engine-5.10.3.jar:/Users/msubramanian/.m2/repository/org/mockito/mockito-core/5.11.0/mockito-core-5.11.0.jar:/Users/msubramanian/.m2/repository/net/bytebuddy/byte-buddy-agent/1.14.19/byte-buddy-agent-1.14.19.jar:/Users/msubramanian/.m2/repository/org/objenesis/objenesis/3.3/objenesis-3.3.jar:/Users/msubramanian/.m2/repository/org/mockito/mockito-junit-jupiter/5.11.0/mockito-junit-jupiter-5.11.0.jar:/Users/msubramanian/.m2/repository/org/skyscreamer/jsonassert/1.5.3/jsonassert-1.5.3.jar:/Users/msubramanian/.m2/repository/com/vaadin/external/google/android-json/0.0.20131108.vaadin1/android-json-0.0.20131108.vaadin1.jar:/Users/msubramanian/.m2/repository/org/springframework/spring-test/6.1.13/spring-test-6.1.13.jar:/Users/msubramanian/.m2/repository/org/xmlunit/xmlunit-core/2.9.1/xmlunit-core-2.9.1.jar:/Users/msubramanian/.m2/repository/org/springframework/kafka/spring-kafka-test/3.2.4/spring-kafka-test-3.2.4.jar:/Users/msubramanian/.m2/repository/org/apache/zookeeper/zookeeper/3.8.4/zookeeper-3.8.4.jar:/Users/msubramanian/.m2/repository/org/apache/zookeeper/zookeeper-jute/3.8.4/zookeeper-jute-3.8.4.jar:/Users/msubramanian/.m2/repository/org/apache/yetus/audience-annotations/0.12.0/audience-annotations-0.12.0.jar:/Users/msubramanian/.m2/repository/io/netty/netty-handler/4.1.113.Final/netty-handler-4.1.113.Final.jar:/Users/msubramanian/.m2/repository/io/netty/netty-common/4.1.113.Final/netty-common-4.1.113.Final.jar:/Users/msubramanian/.m2/repository/io/netty/netty-resolver/4.1.113.Final/netty-resolver-4.1.113.Final.jar:/Users/msubramanian/.m2/repository/io/netty/netty-buffer/4.1.113.Final/netty-buffer-4.1.113.Final.jar:/Users/msubramanian/.m2/repository/io/netty/netty-transport/4.1.113.Final/netty-transport-4.1.113.Final.jar:/Users/msubramanian/.m2/repository/io/netty/netty-transport-native-unix-common/4.1.113.Final/netty-transport-native-unix-common-4.1.113.Final.jar:/Users/msubramanian/.m2/repository/io/netty/netty-codec/4.1.113.Final/netty-codec-4.1.113.Final.jar:/Users/msubramanian/.m2/repository/io/netty/netty-transport-native-epoll/4.1.113.Final/netty-transport-native-epoll-4.1.113.Final.jar:/Users/msubramanian/.m2/repository/io/netty/netty-transport-classes-epoll/4.1.113.Final/netty-transport-classes-epoll-4.1.113.Final.jar:/Users/msubramanian/.m2/repository/ch/qos/logback/logback-core/1.5.8/logback-core-1.5.8.jar:/Users/msubramanian/.m2/repository/commons-io/commons-io/2.11.0/commons-io-2.11.0.jar:/Users/msubramanian/.m2/repository/org/apache/kafka/kafka-clients/3.7.1/kafka-clients-3.7.1-test.jar:/Users/msubramanian/.m2/repository/org/apache/kafka/kafka-metadata/3.7.1/kafka-metadata-3.7.1.jar:/Users/msubramanian/.m2/repository/org/apache/kafka/kafka-raft/3.7.1/kafka-raft-3.7.1.jar:/Users/msubramanian/.m2/repository/com/fasterxml/jackson/datatype/jackson-datatype-jdk8/2.17.2/jackson-datatype-jdk8-2.17.2.jar:/Users/msubramanian/.m2/repository/com/yammer/metrics/metrics-core/2.2.0/metrics-core-2.2.0.jar:/Users/msubramanian/.m2/repository/org/apache/kafka/kafka-server-common/3.7.1/kafka-server-common-3.7.1.jar:/Users/msubramanian/.m2/repository/net/sf/jopt-simple/jopt-simple/5.0.4/jopt-simple-5.0.4.jar:/Users/msubramanian/.m2/repository/org/pcollections/pcollections/4.0.1/pcollections-4.0.1.jar:/Users/msubramanian/.m2/repository/org/apache/kafka/kafka-server-common/3.7.1/kafka-server-common-3.7.1-test.jar:/Users/msubramanian/.m2/repository/org/apache/kafka/kafka-streams-test-utils/3.7.1/kafka-streams-test-utils-3.7.1.jar:/Users/msubramanian/.m2/repository/org/apache/kafka/kafka_2.13/3.7.1/kafka_2.13-3.7.1.jar:/Users/msubramanian/.m2/repository/org/scala-lang/scala-library/2.13.12/scala-library-2.13.12.jar:/Users/msubramanian/.m2/repository/org/apache/kafka/kafka-group-coordinator/3.7.1/kafka-group-coordinator-3.7.1.jar:/Users/msubramanian/.m2/repository/org/apache/kafka/kafka-storage-api/3.7.1/kafka-storage-api-3.7.1.jar:/Users/msubramanian/.m2/repository/org/apache/kafka/kafka-tools-api/3.7.1/kafka-tools-api-3.7.1.jar:/Users/msubramanian/.m2/repository/org/apache/kafka/kafka-storage/3.7.1/kafka-storage-3.7.1.jar:/Users/msubramanian/.m2/repository/com/github/ben-manes/caffeine/caffeine/3.1.8/caffeine-3.1.8.jar:/Users/msubramanian/.m2/repository/org/checkerframework/checker-qual/3.37.0/checker-qual-3.37.0.jar:/Users/msubramanian/.m2/repository/com/google/errorprone/error_prone_annotations/2.21.1/error_prone_annotations-2.21.1.jar:/Users/msubramanian/.m2/repository/org/apache/kafka/kafka-server/3.7.1/kafka-server-3.7.1.jar:/Users/msubramanian/.m2/repository/net/sourceforge/argparse4j/argparse4j/0.7.0/argparse4j-0.7.0.jar:/Users/msubramanian/.m2/repository/commons-validator/commons-validator/1.7/commons-validator-1.7.jar:/Users/msubramanian/.m2/repository/commons-beanutils/commons-beanutils/1.9.4/commons-beanutils-1.9.4.jar:/Users/msubramanian/.m2/repository/commons-digester/commons-digester/2.1/commons-digester-2.1.jar:/Users/msubramanian/.m2/repository/commons-collections/commons-collections/3.2.2/commons-collections-3.2.2.jar:/Users/msubramanian/.m2/repository/com/fasterxml/jackson/module/jackson-module-scala_2.13/2.17.2/jackson-module-scala_2.13-2.17.2.jar:/Users/msubramanian/.m2/repository/com/thoughtworks/paranamer/paranamer/2.8/paranamer-2.8.jar:/Users/msubramanian/.m2/repository/com/fasterxml/jackson/dataformat/jackson-dataformat-csv/2.17.2/jackson-dataformat-csv-2.17.2.jar:/Users/msubramanian/.m2/repository/org/bitbucket/b_c/jose4j/0.9.4/jose4j-0.9.4.jar:/Users/msubramanian/.m2/repository/org/scala-lang/modules/scala-collection-compat_2.13/2.10.0/scala-collection-compat_2.13-2.10.0.jar:/Users/msubramanian/.m2/repository/org/scala-lang/modules/scala-java8-compat_2.13/1.0.2/scala-java8-compat_2.13-1.0.2.jar:/Users/msubramanian/.m2/repository/org/scala-lang/scala-reflect/2.13.12/scala-reflect-2.13.12.jar:/Users/msubramanian/.m2/repository/com/typesafe/scala-logging/scala-logging_2.13/3.9.4/scala-logging_2.13-3.9.4.jar:/Users/msubramanian/.m2/repository/io/dropwizard/metrics/metrics-core/4.1.12.1/metrics-core-4.1.12.1.jar:/Users/msubramanian/.m2/repository/commons-cli/commons-cli/1.4/commons-cli-1.4.jar:/Users/msubramanian/.m2/repository/org/apache/kafka/kafka_2.13/3.7.1/kafka_2.13-3.7.1-test.jar:/Users/msubramanian/.m2/repository/org/junit/jupiter/junit-jupiter-api/5.10.3/junit-jupiter-api-5.10.3.jar:/Users/msubramanian/.m2/repository/org/opentest4j/opentest4j/1.3.0/opentest4j-1.3.0.jar:/Users/msubramanian/.m2/repository/org/junit/platform/junit-platform-commons/1.10.3/junit-platform-commons-1.10.3.jar:/Users/msubramanian/.m2/repository/org/apiguardian/apiguardian-api/1.1.2/apiguardian-api-1.1.2.jar:/Users/msubramanian/.m2/repository/org/junit/platform/junit-platform-launcher/1.10.3/junit-platform-launcher-1.10.3.jar:/Users/msubramanian/.m2/repository/org/junit/platform/junit-platform-engine/1.10.3/junit-platform-engine-1.10.3.jar:
2025-10-24T19:51:42.310+05:30  INFO 52456 --- [           main] o.a.zookeeper.server.ZooKeeperServer     : Server environment:java.library.path=/Users/msubramanian/Library/Java/Extensions:/Library/Java/Extensions:/Network/Library/Java/Extensions:/System/Library/Java/Extensions:/usr/lib/java:.
2025-10-24T19:51:42.310+05:30  INFO 52456 --- [           main] o.a.zookeeper.server.ZooKeeperServer     : Server environment:java.io.tmpdir=/var/folders/g_/gfjr_4jj1hgbw60dclf6b3f80000gp/T/
2025-10-24T19:51:42.310+05:30  INFO 52456 --- [           main] o.a.zookeeper.server.ZooKeeperServer     : Server environment:java.compiler=<NA>
2025-10-24T19:51:42.310+05:30  INFO 52456 --- [           main] o.a.zookeeper.server.ZooKeeperServer     : Server environment:os.name=Mac OS X
2025-10-24T19:51:42.310+05:30  INFO 52456 --- [           main] o.a.zookeeper.server.ZooKeeperServer     : Server environment:os.arch=aarch64
2025-10-24T19:51:42.310+05:30  INFO 52456 --- [           main] o.a.zookeeper.server.ZooKeeperServer     : Server environment:os.version=15.6.1
2025-10-24T19:51:42.310+05:30  INFO 52456 --- [           main] o.a.zookeeper.server.ZooKeeperServer     : Server environment:user.name=msubramanian
2025-10-24T19:51:42.310+05:30  INFO 52456 --- [           main] o.a.zookeeper.server.ZooKeeperServer     : Server environment:user.home=/Users/msubramanian
2025-10-24T19:51:42.310+05:30  INFO 52456 --- [           main] o.a.zookeeper.server.ZooKeeperServer     : Server environment:user.dir=/Users/msubramanian/Documents/T3Plan/Kafka-Capstone/Kafka-CapstoneProject
2025-10-24T19:51:42.310+05:30  INFO 52456 --- [           main] o.a.zookeeper.server.ZooKeeperServer     : Server environment:os.memory.free=252MB
2025-10-24T19:51:42.310+05:30  INFO 52456 --- [           main] o.a.zookeeper.server.ZooKeeperServer     : Server environment:os.memory.max=4608MB
2025-10-24T19:51:42.310+05:30  INFO 52456 --- [           main] o.a.zookeeper.server.ZooKeeperServer     : Server environment:os.memory.total=292MB
2025-10-24T19:51:42.310+05:30  INFO 52456 --- [           main] o.a.zookeeper.server.ZooKeeperServer     : zookeeper.enableEagerACLCheck = false
2025-10-24T19:51:42.311+05:30  INFO 52456 --- [           main] o.a.zookeeper.server.ZooKeeperServer     : zookeeper.digest.enabled = true
2025-10-24T19:51:42.311+05:30  INFO 52456 --- [           main] o.a.zookeeper.server.ZooKeeperServer     : zookeeper.closeSessionTxn.enabled = true
2025-10-24T19:51:42.311+05:30  INFO 52456 --- [           main] o.a.zookeeper.server.ZooKeeperServer     : zookeeper.flushDelay = 0 ms
2025-10-24T19:51:42.311+05:30  INFO 52456 --- [           main] o.a.zookeeper.server.ZooKeeperServer     : zookeeper.maxWriteQueuePollTime = 0 ms
2025-10-24T19:51:42.311+05:30  INFO 52456 --- [           main] o.a.zookeeper.server.ZooKeeperServer     : zookeeper.maxBatchSize=1000
2025-10-24T19:51:42.311+05:30  INFO 52456 --- [           main] o.a.zookeeper.server.ZooKeeperServer     : zookeeper.intBufferStartingSizeBytes = 1024
2025-10-24T19:51:42.312+05:30  INFO 52456 --- [           main] o.a.z.server.persistence.FileTxnSnapLog  : zookeeper.snapshot.trust.empty : false
2025-10-24T19:51:42.318+05:30  INFO 52456 --- [           main] o.a.z.server.watch.WatchManagerFactory   : Using org.apache.zookeeper.server.watch.WatchManager as watch manager
2025-10-24T19:51:42.318+05:30  INFO 52456 --- [           main] o.a.z.server.watch.WatchManagerFactory   : Using org.apache.zookeeper.server.watch.WatchManager as watch manager
2025-10-24T19:51:42.318+05:30  INFO 52456 --- [           main] org.apache.zookeeper.server.ZKDatabase   : zookeeper.snapshotSizeFactor = 0.33
2025-10-24T19:51:42.318+05:30  INFO 52456 --- [           main] org.apache.zookeeper.server.ZKDatabase   : zookeeper.commitLogCount=500
2025-10-24T19:51:42.319+05:30  INFO 52456 --- [           main] o.apache.zookeeper.server.BlueThrottle   : Weighed connection throttling is disabled
2025-10-24T19:51:42.319+05:30  INFO 52456 --- [           main] o.a.zookeeper.server.ZooKeeperServer     : minSessionTimeout set to 1600 ms
2025-10-24T19:51:42.320+05:30  INFO 52456 --- [           main] o.a.zookeeper.server.ZooKeeperServer     : maxSessionTimeout set to 16000 ms
2025-10-24T19:51:42.320+05:30  INFO 52456 --- [           main] o.apache.zookeeper.server.ResponseCache  : getData response cache size is initialized with value 400.
2025-10-24T19:51:42.320+05:30  INFO 52456 --- [           main] o.apache.zookeeper.server.ResponseCache  : getChildren response cache size is initialized with value 400.
2025-10-24T19:51:42.320+05:30  INFO 52456 --- [           main] o.a.z.s.u.RequestPathMetricsCollector    : zookeeper.pathStats.slotCapacity = 60
2025-10-24T19:51:42.320+05:30  INFO 52456 --- [           main] o.a.z.s.u.RequestPathMetricsCollector    : zookeeper.pathStats.slotDuration = 15
2025-10-24T19:51:42.320+05:30  INFO 52456 --- [           main] o.a.z.s.u.RequestPathMetricsCollector    : zookeeper.pathStats.maxDepth = 6
2025-10-24T19:51:42.320+05:30  INFO 52456 --- [           main] o.a.z.s.u.RequestPathMetricsCollector    : zookeeper.pathStats.initialDelay = 5
2025-10-24T19:51:42.320+05:30  INFO 52456 --- [           main] o.a.z.s.u.RequestPathMetricsCollector    : zookeeper.pathStats.delay = 5
2025-10-24T19:51:42.320+05:30  INFO 52456 --- [           main] o.a.z.s.u.RequestPathMetricsCollector    : zookeeper.pathStats.enabled = false
2025-10-24T19:51:42.321+05:30  INFO 52456 --- [           main] o.a.zookeeper.server.ZooKeeperServer     : The max bytes for all large requests are set to 104857600
2025-10-24T19:51:42.321+05:30  INFO 52456 --- [           main] o.a.zookeeper.server.ZooKeeperServer     : The large request threshold is set to -1
2025-10-24T19:51:42.321+05:30  INFO 52456 --- [           main] o.a.z.server.AuthenticationHelper        : zookeeper.enforce.auth.enabled = false
2025-10-24T19:51:42.321+05:30  INFO 52456 --- [           main] o.a.z.server.AuthenticationHelper        : zookeeper.enforce.auth.schemes = []
2025-10-24T19:51:42.321+05:30  INFO 52456 --- [           main] o.a.zookeeper.server.ZooKeeperServer     : Created server with tickTime 800 ms minSessionTimeout 1600 ms maxSessionTimeout 16000 ms clientPortListenBacklog -1 datadir /var/folders/g_/gfjr_4jj1hgbw60dclf6b3f80000gp/T/kafka-18350531069562424269/version-2 snapdir /var/folders/g_/gfjr_4jj1hgbw60dclf6b3f80000gp/T/kafka-5572389127897413586/version-2
2025-10-24T19:51:42.323+05:30  WARN 52456 --- [           main] o.a.zookeeper.server.ServerCnxnFactory   : maxCnxns is not configured, using default value 0.
2025-10-24T19:51:42.324+05:30  INFO 52456 --- [           main] o.a.z.server.NIOServerCnxnFactory        : Configuring NIO connection handler with 10s sessionless connection timeout, 2 selector thread(s), 22 worker threads, and 64 kB direct buffers.
2025-10-24T19:51:42.333+05:30  INFO 52456 --- [           main] o.a.z.server.NIOServerCnxnFactory        : binding to port /127.0.0.1:0
2025-10-24T19:51:42.339+05:30  INFO 52456 --- [           main] o.a.z.server.persistence.SnapStream      : zookeeper.snapshot.compression.method = CHECKED
2025-10-24T19:51:42.339+05:30  INFO 52456 --- [           main] o.a.z.server.persistence.FileTxnSnapLog  : Snapshotting: 0x0 to /var/folders/g_/gfjr_4jj1hgbw60dclf6b3f80000gp/T/kafka-5572389127897413586/version-2/snapshot.0
2025-10-24T19:51:42.341+05:30  INFO 52456 --- [           main] org.apache.zookeeper.server.ZKDatabase   : Snapshot loaded in 7 ms, highest zxid is 0x0, digest is 1371985504
2025-10-24T19:51:42.341+05:30  INFO 52456 --- [           main] o.a.z.server.persistence.FileTxnSnapLog  : Snapshotting: 0x0 to /var/folders/g_/gfjr_4jj1hgbw60dclf6b3f80000gp/T/kafka-5572389127897413586/version-2/snapshot.0
2025-10-24T19:51:42.341+05:30  INFO 52456 --- [           main] o.a.zookeeper.server.ZooKeeperServer     : Snapshot taken in 0 ms
2025-10-24T19:51:42.345+05:30  INFO 52456 --- [0 cport:51693):] o.a.z.server.PrepRequestProcessor        : PrepRequestProcessor (sid:0) started, reconfigEnabled=false
2025-10-24T19:51:42.345+05:30  INFO 52456 --- [           main] o.a.zookeeper.server.RequestThrottler    : zookeeper.request_throttler.shutdownTimeout = 10000 ms
2025-10-24T19:51:42.452+05:30  INFO 52456 --- [           main] kafka.server.KafkaConfig                 : KafkaConfig values: 
	advertised.listeners = null
	alter.config.policy.class.name = null
	alter.log.dirs.replication.quota.window.num = 11
	alter.log.dirs.replication.quota.window.size.seconds = 1
	authorizer.class.name = 
	auto.create.topics.enable = true
	auto.include.jmx.reporter = true
	auto.leader.rebalance.enable = true
	background.threads = 2
	broker.heartbeat.interval.ms = 2000
	broker.id = 0
	broker.id.generation.enable = true
	broker.rack = null
	broker.session.timeout.ms = 9000
	client.quota.callback.class = null
	compression.type = producer
	connection.failed.authentication.delay.ms = 100
	connections.max.idle.ms = 600000
	connections.max.reauth.ms = 0
	control.plane.listener.name = null
	controlled.shutdown.enable = false
	controlled.shutdown.max.retries = 3
	controlled.shutdown.retry.backoff.ms = 100
	controller.listener.names = null
	controller.quorum.append.linger.ms = 25
	controller.quorum.election.backoff.max.ms = 1000
	controller.quorum.election.timeout.ms = 1000
	controller.quorum.fetch.timeout.ms = 2000
	controller.quorum.request.timeout.ms = 2000
	controller.quorum.retry.backoff.ms = 20
	controller.quorum.voters = []
	controller.quota.window.num = 11
	controller.quota.window.size.seconds = 1
	controller.socket.timeout.ms = 1000
	create.topic.policy.class.name = null
	default.replication.factor = 1
	delegation.token.expiry.check.interval.ms = 3600000
	delegation.token.expiry.time.ms = 86400000
	delegation.token.master.key = null
	delegation.token.max.lifetime.ms = 604800000
	delegation.token.secret.key = null
	delete.records.purgatory.purge.interval.requests = 1
	delete.topic.enable = true
	early.start.listeners = null
	eligible.leader.replicas.enable = false
	fetch.max.bytes = 57671680
	fetch.purgatory.purge.interval.requests = 1000
	group.consumer.assignors = [org.apache.kafka.coordinator.group.assignor.UniformAssignor, org.apache.kafka.coordinator.group.assignor.RangeAssignor]
	group.consumer.heartbeat.interval.ms = 5000
	group.consumer.max.heartbeat.interval.ms = 15000
	group.consumer.max.session.timeout.ms = 60000
	group.consumer.max.size = 2147483647
	group.consumer.min.heartbeat.interval.ms = 5000
	group.consumer.min.session.timeout.ms = 45000
	group.consumer.session.timeout.ms = 45000
	group.coordinator.new.enable = false
	group.coordinator.rebalance.protocols = [classic]
	group.coordinator.threads = 1
	group.initial.rebalance.delay.ms = 0
	group.max.session.timeout.ms = 1800000
	group.max.size = 2147483647
	group.min.session.timeout.ms = 6000
	initial.broker.registration.timeout.ms = 60000
	inter.broker.listener.name = null
	inter.broker.protocol.version = 3.7-IV4
	kafka.metrics.polling.interval.secs = 10
	kafka.metrics.reporters = []
	leader.imbalance.check.interval.seconds = 300
	leader.imbalance.per.broker.percentage = 10
	listener.security.protocol.map = PLAINTEXT:PLAINTEXT,SSL:SSL,SASL_PLAINTEXT:SASL_PLAINTEXT,SASL_SSL:SASL_SSL
	listeners = PLAINTEXT://localhost:0
	log.cleaner.backoff.ms = 15000
	log.cleaner.dedupe.buffer.size = 2097152
	log.cleaner.delete.retention.ms = 86400000
	log.cleaner.enable = true
	log.cleaner.io.buffer.load.factor = 0.9
	log.cleaner.io.buffer.size = 524288
	log.cleaner.io.max.bytes.per.second = 1.7976931348623157E308
	log.cleaner.max.compaction.lag.ms = 9223372036854775807
	log.cleaner.min.cleanable.ratio = 0.5
	log.cleaner.min.compaction.lag.ms = 0
	log.cleaner.threads = 1
	log.cleanup.policy = [delete]
	log.dir = /var/folders/g_/gfjr_4jj1hgbw60dclf6b3f80000gp/T/spring.kafka.b0f59077-5ff9-4e92-8efb-3d130ed85dd15064979666505320678
	log.dirs = null
	log.flush.interval.messages = 9223372036854775807
	log.flush.interval.ms = null
	log.flush.offset.checkpoint.interval.ms = 60000
	log.flush.scheduler.interval.ms = 9223372036854775807
	log.flush.start.offset.checkpoint.interval.ms = 60000
	log.index.interval.bytes = 4096
	log.index.size.max.bytes = 10485760
	log.local.retention.bytes = -2
	log.local.retention.ms = -2
	log.message.downconversion.enable = true
	log.message.format.version = 3.0-IV1
	log.message.timestamp.after.max.ms = 9223372036854775807
	log.message.timestamp.before.max.ms = 9223372036854775807
	log.message.timestamp.difference.max.ms = 9223372036854775807
	log.message.timestamp.type = CreateTime
	log.preallocate = false
	log.retention.bytes = -1
	log.retention.check.interval.ms = 300000
	log.retention.hours = 168
	log.retention.minutes = null
	log.retention.ms = null
	log.roll.hours = 168
	log.roll.jitter.hours = 0
	log.roll.jitter.ms = null
	log.roll.ms = null
	log.segment.bytes = 1073741824
	log.segment.delete.delay.ms = 1000
	max.connection.creation.rate = 2147483647
	max.connections = 2147483647
	max.connections.per.ip = 2147483647
	max.connections.per.ip.overrides = 
	max.incremental.fetch.session.cache.slots = 1000
	message.max.bytes = 1048588
	metadata.log.dir = null
	metadata.log.max.record.bytes.between.snapshots = 20971520
	metadata.log.max.snapshot.interval.ms = 3600000
	metadata.log.segment.bytes = 1073741824
	metadata.log.segment.min.bytes = 8388608
	metadata.log.segment.ms = 604800000
	metadata.max.idle.interval.ms = 500
	metadata.max.retention.bytes = 104857600
	metadata.max.retention.ms = 604800000
	metric.reporters = []
	metrics.num.samples = 2
	metrics.recording.level = INFO
	metrics.sample.window.ms = 30000
	min.insync.replicas = 1
	node.id = 0
	num.io.threads = 8
	num.network.threads = 2
	num.partitions = 1
	num.recovery.threads.per.data.dir = 1
	num.replica.alter.log.dirs.threads = null
	num.replica.fetchers = 1
	offset.metadata.max.bytes = 4096
	offsets.commit.required.acks = -1
	offsets.commit.timeout.ms = 5000
	offsets.load.buffer.size = 5242880
	offsets.retention.check.interval.ms = 600000
	offsets.retention.minutes = 10080
	offsets.topic.compression.codec = 0
	offsets.topic.num.partitions = 5
	offsets.topic.replication.factor = 1
	offsets.topic.segment.bytes = 104857600
	password.encoder.cipher.algorithm = AES/CBC/PKCS5Padding
	password.encoder.iterations = 4096
	password.encoder.key.length = 128
	password.encoder.keyfactory.algorithm = null
	password.encoder.old.secret = null
	password.encoder.secret = null
	principal.builder.class = class org.apache.kafka.common.security.authenticator.DefaultKafkaPrincipalBuilder
	process.roles = []
	producer.id.expiration.check.interval.ms = 600000
	producer.id.expiration.ms = 86400000
	producer.purgatory.purge.interval.requests = 1000
	queued.max.request.bytes = -1
	queued.max.requests = 500
	quota.window.num = 11
	quota.window.size.seconds = 1
	remote.log.index.file.cache.total.size.bytes = 1073741824
	remote.log.manager.task.interval.ms = 30000
	remote.log.manager.task.retry.backoff.max.ms = 30000
	remote.log.manager.task.retry.backoff.ms = 500
	remote.log.manager.task.retry.jitter = 0.2
	remote.log.manager.thread.pool.size = 10
	remote.log.metadata.custom.metadata.max.bytes = 128
	remote.log.metadata.manager.class.name = org.apache.kafka.server.log.remote.metadata.storage.TopicBasedRemoteLogMetadataManager
	remote.log.metadata.manager.class.path = null
	remote.log.metadata.manager.impl.prefix = rlmm.config.
	remote.log.metadata.manager.listener.name = null
	remote.log.reader.max.pending.tasks = 100
	remote.log.reader.threads = 10
	remote.log.storage.manager.class.name = null
	remote.log.storage.manager.class.path = null
	remote.log.storage.manager.impl.prefix = rsm.config.
	remote.log.storage.system.enable = false
	replica.fetch.backoff.ms = 1000
	replica.fetch.max.bytes = 1048576
	replica.fetch.min.bytes = 1
	replica.fetch.response.max.bytes = 10485760
	replica.fetch.wait.max.ms = 500
	replica.high.watermark.checkpoint.interval.ms = 9223372036854775807
	replica.lag.time.max.ms = 30000
	replica.selector.class = null
	replica.socket.receive.buffer.bytes = 65536
	replica.socket.timeout.ms = 1000
	replication.quota.window.num = 11
	replication.quota.window.size.seconds = 1
	request.timeout.ms = 30000
	reserved.broker.max.id = 1000
	sasl.client.callback.handler.class = null
	sasl.enabled.mechanisms = [GSSAPI]
	sasl.jaas.config = null
	sasl.kerberos.kinit.cmd = /usr/bin/kinit
	sasl.kerberos.min.time.before.relogin = 60000
	sasl.kerberos.principal.to.local.rules = [DEFAULT]
	sasl.kerberos.service.name = null
	sasl.kerberos.ticket.renew.jitter = 0.05
	sasl.kerberos.ticket.renew.window.factor = 0.8
	sasl.login.callback.handler.class = null
	sasl.login.class = null
	sasl.login.connect.timeout.ms = null
	sasl.login.read.timeout.ms = null
	sasl.login.refresh.buffer.seconds = 300
	sasl.login.refresh.min.period.seconds = 60
	sasl.login.refresh.window.factor = 0.8
	sasl.login.refresh.window.jitter = 0.05
	sasl.login.retry.backoff.max.ms = 10000
	sasl.login.retry.backoff.ms = 100
	sasl.mechanism.controller.protocol = GSSAPI
	sasl.mechanism.inter.broker.protocol = GSSAPI
	sasl.oauthbearer.clock.skew.seconds = 30
	sasl.oauthbearer.expected.audience = null
	sasl.oauthbearer.expected.issuer = null
	sasl.oauthbearer.jwks.endpoint.refresh.ms = 3600000
	sasl.oauthbearer.jwks.endpoint.retry.backoff.max.ms = 10000
	sasl.oauthbearer.jwks.endpoint.retry.backoff.ms = 100
	sasl.oauthbearer.jwks.endpoint.url = null
	sasl.oauthbearer.scope.claim.name = scope
	sasl.oauthbearer.sub.claim.name = sub
	sasl.oauthbearer.token.endpoint.url = null
	sasl.server.callback.handler.class = null
	sasl.server.max.receive.size = 524288
	security.inter.broker.protocol = PLAINTEXT
	security.providers = null
	server.max.startup.time.ms = 9223372036854775807
	socket.connection.setup.timeout.max.ms = 30000
	socket.connection.setup.timeout.ms = 10000
	socket.listen.backlog.size = 50
	socket.receive.buffer.bytes = 102400
	socket.request.max.bytes = 104857600
	socket.send.buffer.bytes = 102400
	ssl.allow.dn.changes = false
	ssl.allow.san.changes = false
	ssl.cipher.suites = []
	ssl.client.auth = none
	ssl.enabled.protocols = [TLSv1.2, TLSv1.3]
	ssl.endpoint.identification.algorithm = https
	ssl.engine.factory.class = null
	ssl.key.password = null
	ssl.keymanager.algorithm = SunX509
	ssl.keystore.certificate.chain = null
	ssl.keystore.key = null
	ssl.keystore.location = null
	ssl.keystore.password = null
	ssl.keystore.type = JKS
	ssl.principal.mapping.rules = DEFAULT
	ssl.protocol = TLSv1.3
	ssl.provider = null
	ssl.secure.random.implementation = null
	ssl.trustmanager.algorithm = PKIX
	ssl.truststore.certificates = null
	ssl.truststore.location = null
	ssl.truststore.password = null
	ssl.truststore.type = JKS
	telemetry.max.bytes = 1048576
	transaction.abort.timed.out.transaction.cleanup.interval.ms = 10000
	transaction.max.timeout.ms = 900000
	transaction.partition.verification.enable = true
	transaction.remove.expired.transaction.cleanup.interval.ms = 3600000
	transaction.state.log.load.buffer.size = 5242880
	transaction.state.log.min.isr = 2
	transaction.state.log.num.partitions = 50
	transaction.state.log.replication.factor = 3
	transaction.state.log.segment.bytes = 104857600
	transactional.id.expiration.ms = 604800000
	unclean.leader.election.enable = false
	unstable.api.versions.enable = false
	unstable.metadata.versions.enable = true
	zookeeper.clientCnxnSocket = null
	zookeeper.connect = 127.0.0.1:51693
	zookeeper.connection.timeout.ms = 10000
	zookeeper.max.in.flight.requests = 10
	zookeeper.metadata.migration.enable = false
	zookeeper.metadata.migration.min.batch.size = 200
	zookeeper.session.timeout.ms = 18000
	zookeeper.set.acl = false
	zookeeper.ssl.cipher.suites = null
	zookeeper.ssl.client.enable = false
	zookeeper.ssl.crl.enable = false
	zookeeper.ssl.enabled.protocols = null
	zookeeper.ssl.endpoint.identification.algorithm = HTTPS
	zookeeper.ssl.keystore.location = null
	zookeeper.ssl.keystore.password = null
	zookeeper.ssl.keystore.type = null
	zookeeper.ssl.ocsp.enable = false
	zookeeper.ssl.protocol = TLSv1.2
	zookeeper.ssl.truststore.location = null
	zookeeper.ssl.truststore.password = null
	zookeeper.ssl.truststore.type = null

2025-10-24T19:51:42.460+05:30  INFO 52456 --- [           main] org.apache.zookeeper.common.X509Util     : Setting -D jdk.tls.rejectClientInitiatedRenegotiation=true to disable client-initiated TLS renegotiation
2025-10-24T19:51:42.485+05:30  INFO 52456 --- [           main] kafka.server.KafkaServer                 : starting
2025-10-24T19:51:42.485+05:30  INFO 52456 --- [           main] kafka.server.KafkaServer                 : Connecting to zookeeper on 127.0.0.1:51693
2025-10-24T19:51:42.490+05:30  INFO 52456 --- [           main] kafka.zookeeper.ZooKeeperClient          : [ZooKeeperClient Kafka server] Initializing a new session to 127.0.0.1:51693.
2025-10-24T19:51:42.492+05:30  INFO 52456 --- [           main] org.apache.zookeeper.ZooKeeper           : Client environment:zookeeper.version=3.8.4-9316c2a7a97e1666d8f4593f34dd6fc36ecc436c, built on 2024-02-12 22:16 UTC
2025-10-24T19:51:42.492+05:30  INFO 52456 --- [           main] org.apache.zookeeper.ZooKeeper           : Client environment:host.name=192.168.0.132
2025-10-24T19:51:42.492+05:30  INFO 52456 --- [           main] org.apache.zookeeper.ZooKeeper           : Client environment:java.version=23.0.2
2025-10-24T19:51:42.492+05:30  INFO 52456 --- [           main] org.apache.zookeeper.ZooKeeper           : Client environment:java.vendor=Homebrew
2025-10-24T19:51:42.492+05:30  INFO 52456 --- [           main] org.apache.zookeeper.ZooKeeper           : Client environment:java.home=/opt/homebrew/Cellar/openjdk/23.0.2/libexec/openjdk.jdk/Contents/Home
2025-10-24T19:51:42.492+05:30  INFO 52456 --- [           main] org.apache.zookeeper.ZooKeeper           : Client environment:java.class.path=/Users/msubramanian/Documents/T3Plan/Kafka-Capstone/Kafka-CapstoneProject/target/test-classes:/Users/msubramanian/Documents/T3Plan/Kafka-Capstone/Kafka-CapstoneProject/target/classes:/Users/msubramanian/.m2/repository/org/springframework/boot/spring-boot-starter/3.3.4/spring-boot-starter-3.3.4.jar:/Users/msubramanian/.m2/repository/org/springframework/boot/spring-boot/3.3.4/spring-boot-3.3.4.jar:/Users/msubramanian/.m2/repository/org/springframework/boot/spring-boot-autoconfigure/3.3.4/spring-boot-autoconfigure-3.3.4.jar:/Users/msubramanian/.m2/repository/org/springframework/boot/spring-boot-starter-logging/3.3.4/spring-boot-starter-logging-3.3.4.jar:/Users/msubramanian/.m2/repository/ch/qos/logback/logback-classic/1.5.8/logback-classic-1.5.8.jar:/Users/msubramanian/.m2/repository/org/apache/logging/log4j/log4j-to-slf4j/2.23.1/log4j-to-slf4j-2.23.1.jar:/Users/msubramanian/.m2/repository/org/apache/logging/log4j/log4j-api/2.23.1/log4j-api-2.23.1.jar:/Users/msubramanian/.m2/repository/org/slf4j/jul-to-slf4j/2.0.16/jul-to-slf4j-2.0.16.jar:/Users/msubramanian/.m2/repository/jakarta/annotation/jakarta.annotation-api/2.1.1/jakarta.annotation-api-2.1.1.jar:/Users/msubramanian/.m2/repository/org/springframework/spring-core/6.1.13/spring-core-6.1.13.jar:/Users/msubramanian/.m2/repository/org/springframework/spring-jcl/6.1.13/spring-jcl-6.1.13.jar:/Users/msubramanian/.m2/repository/org/yaml/snakeyaml/2.2/snakeyaml-2.2.jar:/Users/msubramanian/.m2/repository/org/springframework/kafka/spring-kafka/3.2.4/spring-kafka-3.2.4.jar:/Users/msubramanian/.m2/repository/org/springframework/spring-context/6.1.13/spring-context-6.1.13.jar:/Users/msubramanian/.m2/repository/org/springframework/spring-aop/6.1.13/spring-aop-6.1.13.jar:/Users/msubramanian/.m2/repository/org/springframework/spring-beans/6.1.13/spring-beans-6.1.13.jar:/Users/msubramanian/.m2/repository/org/springframework/spring-expression/6.1.13/spring-expression-6.1.13.jar:/Users/msubramanian/.m2/repository/org/springframework/spring-messaging/6.1.13/spring-messaging-6.1.13.jar:/Users/msubramanian/.m2/repository/org/springframework/spring-tx/6.1.13/spring-tx-6.1.13.jar:/Users/msubramanian/.m2/repository/org/springframework/retry/spring-retry/2.0.9/spring-retry-2.0.9.jar:/Users/msubramanian/.m2/repository/org/apache/kafka/kafka-clients/3.7.1/kafka-clients-3.7.1.jar:/Users/msubramanian/.m2/repository/com/github/luben/zstd-jni/1.5.6-3/zstd-jni-1.5.6-3.jar:/Users/msubramanian/.m2/repository/org/lz4/lz4-java/1.8.0/lz4-java-1.8.0.jar:/Users/msubramanian/.m2/repository/org/xerial/snappy/snappy-java/1.1.10.5/snappy-java-1.1.10.5.jar:/Users/msubramanian/.m2/repository/io/micrometer/micrometer-observation/1.13.4/micrometer-observation-1.13.4.jar:/Users/msubramanian/.m2/repository/io/micrometer/micrometer-commons/1.13.4/micrometer-commons-1.13.4.jar:/Users/msubramanian/.m2/repository/org/apache/kafka/kafka-streams/3.7.1/kafka-streams-3.7.1.jar:/Users/msubramanian/.m2/repository/org/rocksdb/rocksdbjni/7.9.2/rocksdbjni-7.9.2.jar:/Users/msubramanian/.m2/repository/org/slf4j/slf4j-api/2.0.16/slf4j-api-2.0.16.jar:/Users/msubramanian/.m2/repository/com/fasterxml/jackson/core/jackson-annotations/2.17.2/jackson-annotations-2.17.2.jar:/Users/msubramanian/.m2/repository/com/fasterxml/jackson/core/jackson-databind/2.17.2/jackson-databind-2.17.2.jar:/Users/msubramanian/.m2/repository/com/fasterxml/jackson/core/jackson-core/2.17.2/jackson-core-2.17.2.jar:/Users/msubramanian/.m2/repository/org/apache/httpcomponents/client5/httpclient5/5.3.1/httpclient5-5.3.1.jar:/Users/msubramanian/.m2/repository/org/apache/httpcomponents/core5/httpcore5/5.2.5/httpcore5-5.2.5.jar:/Users/msubramanian/.m2/repository/org/apache/httpcomponents/core5/httpcore5-h2/5.2.5/httpcore5-h2-5.2.5.jar:/Users/msubramanian/.m2/repository/org/springframework/boot/spring-boot-starter-test/3.3.4/spring-boot-starter-test-3.3.4.jar:/Users/msubramanian/.m2/repository/org/springframework/boot/spring-boot-test/3.3.4/spring-boot-test-3.3.4.jar:/Users/msubramanian/.m2/repository/org/springframework/boot/spring-boot-test-autoconfigure/3.3.4/spring-boot-test-autoconfigure-3.3.4.jar:/Users/msubramanian/.m2/repository/com/jayway/jsonpath/json-path/2.9.0/json-path-2.9.0.jar:/Users/msubramanian/.m2/repository/jakarta/xml/bind/jakarta.xml.bind-api/4.0.2/jakarta.xml.bind-api-4.0.2.jar:/Users/msubramanian/.m2/repository/jakarta/activation/jakarta.activation-api/2.1.3/jakarta.activation-api-2.1.3.jar:/Users/msubramanian/.m2/repository/net/minidev/json-smart/2.5.1/json-smart-2.5.1.jar:/Users/msubramanian/.m2/repository/net/minidev/accessors-smart/2.5.1/accessors-smart-2.5.1.jar:/Users/msubramanian/.m2/repository/org/ow2/asm/asm/9.6/asm-9.6.jar:/Users/msubramanian/.m2/repository/org/assertj/assertj-core/3.25.3/assertj-core-3.25.3.jar:/Users/msubramanian/.m2/repository/net/bytebuddy/byte-buddy/1.14.19/byte-buddy-1.14.19.jar:/Users/msubramanian/.m2/repository/org/awaitility/awaitility/4.2.2/awaitility-4.2.2.jar:/Users/msubramanian/.m2/repository/org/hamcrest/hamcrest/2.2/hamcrest-2.2.jar:/Users/msubramanian/.m2/repository/org/junit/jupiter/junit-jupiter/5.10.3/junit-jupiter-5.10.3.jar:/Users/msubramanian/.m2/repository/org/junit/jupiter/junit-jupiter-params/5.10.3/junit-jupiter-params-5.10.3.jar:/Users/msubramanian/.m2/repository/org/junit/jupiter/junit-jupiter-engine/5.10.3/junit-jupiter-engine-5.10.3.jar:/Users/msubramanian/.m2/repository/org/mockito/mockito-core/5.11.0/mockito-core-5.11.0.jar:/Users/msubramanian/.m2/repository/net/bytebuddy/byte-buddy-agent/1.14.19/byte-buddy-agent-1.14.19.jar:/Users/msubramanian/.m2/repository/org/objenesis/objenesis/3.3/objenesis-3.3.jar:/Users/msubramanian/.m2/repository/org/mockito/mockito-junit-jupiter/5.11.0/mockito-junit-jupiter-5.11.0.jar:/Users/msubramanian/.m2/repository/org/skyscreamer/jsonassert/1.5.3/jsonassert-1.5.3.jar:/Users/msubramanian/.m2/repository/com/vaadin/external/google/android-json/0.0.20131108.vaadin1/android-json-0.0.20131108.vaadin1.jar:/Users/msubramanian/.m2/repository/org/springframework/spring-test/6.1.13/spring-test-6.1.13.jar:/Users/msubramanian/.m2/repository/org/xmlunit/xmlunit-core/2.9.1/xmlunit-core-2.9.1.jar:/Users/msubramanian/.m2/repository/org/springframework/kafka/spring-kafka-test/3.2.4/spring-kafka-test-3.2.4.jar:/Users/msubramanian/.m2/repository/org/apache/zookeeper/zookeeper/3.8.4/zookeeper-3.8.4.jar:/Users/msubramanian/.m2/repository/org/apache/zookeeper/zookeeper-jute/3.8.4/zookeeper-jute-3.8.4.jar:/Users/msubramanian/.m2/repository/org/apache/yetus/audience-annotations/0.12.0/audience-annotations-0.12.0.jar:/Users/msubramanian/.m2/repository/io/netty/netty-handler/4.1.113.Final/netty-handler-4.1.113.Final.jar:/Users/msubramanian/.m2/repository/io/netty/netty-common/4.1.113.Final/netty-common-4.1.113.Final.jar:/Users/msubramanian/.m2/repository/io/netty/netty-resolver/4.1.113.Final/netty-resolver-4.1.113.Final.jar:/Users/msubramanian/.m2/repository/io/netty/netty-buffer/4.1.113.Final/netty-buffer-4.1.113.Final.jar:/Users/msubramanian/.m2/repository/io/netty/netty-transport/4.1.113.Final/netty-transport-4.1.113.Final.jar:/Users/msubramanian/.m2/repository/io/netty/netty-transport-native-unix-common/4.1.113.Final/netty-transport-native-unix-common-4.1.113.Final.jar:/Users/msubramanian/.m2/repository/io/netty/netty-codec/4.1.113.Final/netty-codec-4.1.113.Final.jar:/Users/msubramanian/.m2/repository/io/netty/netty-transport-native-epoll/4.1.113.Final/netty-transport-native-epoll-4.1.113.Final.jar:/Users/msubramanian/.m2/repository/io/netty/netty-transport-classes-epoll/4.1.113.Final/netty-transport-classes-epoll-4.1.113.Final.jar:/Users/msubramanian/.m2/repository/ch/qos/logback/logback-core/1.5.8/logback-core-1.5.8.jar:/Users/msubramanian/.m2/repository/commons-io/commons-io/2.11.0/commons-io-2.11.0.jar:/Users/msubramanian/.m2/repository/org/apache/kafka/kafka-clients/3.7.1/kafka-clients-3.7.1-test.jar:/Users/msubramanian/.m2/repository/org/apache/kafka/kafka-metadata/3.7.1/kafka-metadata-3.7.1.jar:/Users/msubramanian/.m2/repository/org/apache/kafka/kafka-raft/3.7.1/kafka-raft-3.7.1.jar:/Users/msubramanian/.m2/repository/com/fasterxml/jackson/datatype/jackson-datatype-jdk8/2.17.2/jackson-datatype-jdk8-2.17.2.jar:/Users/msubramanian/.m2/repository/com/yammer/metrics/metrics-core/2.2.0/metrics-core-2.2.0.jar:/Users/msubramanian/.m2/repository/org/apache/kafka/kafka-server-common/3.7.1/kafka-server-common-3.7.1.jar:/Users/msubramanian/.m2/repository/net/sf/jopt-simple/jopt-simple/5.0.4/jopt-simple-5.0.4.jar:/Users/msubramanian/.m2/repository/org/pcollections/pcollections/4.0.1/pcollections-4.0.1.jar:/Users/msubramanian/.m2/repository/org/apache/kafka/kafka-server-common/3.7.1/kafka-server-common-3.7.1-test.jar:/Users/msubramanian/.m2/repository/org/apache/kafka/kafka-streams-test-utils/3.7.1/kafka-streams-test-utils-3.7.1.jar:/Users/msubramanian/.m2/repository/org/apache/kafka/kafka_2.13/3.7.1/kafka_2.13-3.7.1.jar:/Users/msubramanian/.m2/repository/org/scala-lang/scala-library/2.13.12/scala-library-2.13.12.jar:/Users/msubramanian/.m2/repository/org/apache/kafka/kafka-group-coordinator/3.7.1/kafka-group-coordinator-3.7.1.jar:/Users/msubramanian/.m2/repository/org/apache/kafka/kafka-storage-api/3.7.1/kafka-storage-api-3.7.1.jar:/Users/msubramanian/.m2/repository/org/apache/kafka/kafka-tools-api/3.7.1/kafka-tools-api-3.7.1.jar:/Users/msubramanian/.m2/repository/org/apache/kafka/kafka-storage/3.7.1/kafka-storage-3.7.1.jar:/Users/msubramanian/.m2/repository/com/github/ben-manes/caffeine/caffeine/3.1.8/caffeine-3.1.8.jar:/Users/msubramanian/.m2/repository/org/checkerframework/checker-qual/3.37.0/checker-qual-3.37.0.jar:/Users/msubramanian/.m2/repository/com/google/errorprone/error_prone_annotations/2.21.1/error_prone_annotations-2.21.1.jar:/Users/msubramanian/.m2/repository/org/apache/kafka/kafka-server/3.7.1/kafka-server-3.7.1.jar:/Users/msubramanian/.m2/repository/net/sourceforge/argparse4j/argparse4j/0.7.0/argparse4j-0.7.0.jar:/Users/msubramanian/.m2/repository/commons-validator/commons-validator/1.7/commons-validator-1.7.jar:/Users/msubramanian/.m2/repository/commons-beanutils/commons-beanutils/1.9.4/commons-beanutils-1.9.4.jar:/Users/msubramanian/.m2/repository/commons-digester/commons-digester/2.1/commons-digester-2.1.jar:/Users/msubramanian/.m2/repository/commons-collections/commons-collections/3.2.2/commons-collections-3.2.2.jar:/Users/msubramanian/.m2/repository/com/fasterxml/jackson/module/jackson-module-scala_2.13/2.17.2/jackson-module-scala_2.13-2.17.2.jar:/Users/msubramanian/.m2/repository/com/thoughtworks/paranamer/paranamer/2.8/paranamer-2.8.jar:/Users/msubramanian/.m2/repository/com/fasterxml/jackson/dataformat/jackson-dataformat-csv/2.17.2/jackson-dataformat-csv-2.17.2.jar:/Users/msubramanian/.m2/repository/org/bitbucket/b_c/jose4j/0.9.4/jose4j-0.9.4.jar:/Users/msubramanian/.m2/repository/org/scala-lang/modules/scala-collection-compat_2.13/2.10.0/scala-collection-compat_2.13-2.10.0.jar:/Users/msubramanian/.m2/repository/org/scala-lang/modules/scala-java8-compat_2.13/1.0.2/scala-java8-compat_2.13-1.0.2.jar:/Users/msubramanian/.m2/repository/org/scala-lang/scala-reflect/2.13.12/scala-reflect-2.13.12.jar:/Users/msubramanian/.m2/repository/com/typesafe/scala-logging/scala-logging_2.13/3.9.4/scala-logging_2.13-3.9.4.jar:/Users/msubramanian/.m2/repository/io/dropwizard/metrics/metrics-core/4.1.12.1/metrics-core-4.1.12.1.jar:/Users/msubramanian/.m2/repository/commons-cli/commons-cli/1.4/commons-cli-1.4.jar:/Users/msubramanian/.m2/repository/org/apache/kafka/kafka_2.13/3.7.1/kafka_2.13-3.7.1-test.jar:/Users/msubramanian/.m2/repository/org/junit/jupiter/junit-jupiter-api/5.10.3/junit-jupiter-api-5.10.3.jar:/Users/msubramanian/.m2/repository/org/opentest4j/opentest4j/1.3.0/opentest4j-1.3.0.jar:/Users/msubramanian/.m2/repository/org/junit/platform/junit-platform-commons/1.10.3/junit-platform-commons-1.10.3.jar:/Users/msubramanian/.m2/repository/org/apiguardian/apiguardian-api/1.1.2/apiguardian-api-1.1.2.jar:/Users/msubramanian/.m2/repository/org/junit/platform/junit-platform-launcher/1.10.3/junit-platform-launcher-1.10.3.jar:/Users/msubramanian/.m2/repository/org/junit/platform/junit-platform-engine/1.10.3/junit-platform-engine-1.10.3.jar:
2025-10-24T19:51:42.493+05:30  INFO 52456 --- [           main] org.apache.zookeeper.ZooKeeper           : Client environment:java.library.path=/Users/msubramanian/Library/Java/Extensions:/Library/Java/Extensions:/Network/Library/Java/Extensions:/System/Library/Java/Extensions:/usr/lib/java:.
2025-10-24T19:51:42.493+05:30  INFO 52456 --- [           main] org.apache.zookeeper.ZooKeeper           : Client environment:java.io.tmpdir=/var/folders/g_/gfjr_4jj1hgbw60dclf6b3f80000gp/T/
2025-10-24T19:51:42.493+05:30  INFO 52456 --- [           main] org.apache.zookeeper.ZooKeeper           : Client environment:java.compiler=<NA>
2025-10-24T19:51:42.493+05:30  INFO 52456 --- [           main] org.apache.zookeeper.ZooKeeper           : Client environment:os.name=Mac OS X
2025-10-24T19:51:42.493+05:30  INFO 52456 --- [           main] org.apache.zookeeper.ZooKeeper           : Client environment:os.arch=aarch64
2025-10-24T19:51:42.493+05:30  INFO 52456 --- [           main] org.apache.zookeeper.ZooKeeper           : Client environment:os.version=15.6.1
2025-10-24T19:51:42.493+05:30  INFO 52456 --- [           main] org.apache.zookeeper.ZooKeeper           : Client environment:user.name=msubramanian
2025-10-24T19:51:42.493+05:30  INFO 52456 --- [           main] org.apache.zookeeper.ZooKeeper           : Client environment:user.home=/Users/msubramanian
2025-10-24T19:51:42.493+05:30  INFO 52456 --- [           main] org.apache.zookeeper.ZooKeeper           : Client environment:user.dir=/Users/msubramanian/Documents/T3Plan/Kafka-Capstone/Kafka-CapstoneProject
2025-10-24T19:51:42.493+05:30  INFO 52456 --- [           main] org.apache.zookeeper.ZooKeeper           : Client environment:os.memory.free=36MB
2025-10-24T19:51:42.493+05:30  INFO 52456 --- [           main] org.apache.zookeeper.ZooKeeper           : Client environment:os.memory.max=4608MB
2025-10-24T19:51:42.493+05:30  INFO 52456 --- [           main] org.apache.zookeeper.ZooKeeper           : Client environment:os.memory.total=68MB
2025-10-24T19:51:42.494+05:30  INFO 52456 --- [           main] org.apache.zookeeper.ZooKeeper           : Initiating client connection, connectString=127.0.0.1:51693 sessionTimeout=18000 watcher=kafka.zookeeper.ZooKeeperClient$ZooKeeperClientWatcher$@6629ad09
2025-10-24T19:51:42.494+05:30  INFO 52456 --- [           main] org.apache.zookeeper.ClientCnxnSocket    : jute.maxbuffer value is 4194304 Bytes
2025-10-24T19:51:42.496+05:30  INFO 52456 --- [           main] org.apache.zookeeper.ClientCnxn          : zookeeper.request.timeout value is 0. feature enabled=false
2025-10-24T19:51:42.496+05:30  INFO 52456 --- [           main] kafka.zookeeper.ZooKeeperClient          : [ZooKeeperClient Kafka server] Waiting until connected.
2025-10-24T19:51:42.496+05:30  INFO 52456 --- [27.0.0.1:51693)] org.apache.zookeeper.ClientCnxn          : Opening socket connection to server /127.0.0.1:51693.
2025-10-24T19:51:42.498+05:30  INFO 52456 --- [27.0.0.1:51693)] org.apache.zookeeper.ClientCnxn          : Socket connection established, initiating session, client: /127.0.0.1:51694, server: /127.0.0.1:51693
2025-10-24T19:51:42.501+05:30  INFO 52456 --- [   SyncThread:0] o.a.z.server.persistence.FileTxnLog      : Creating new log file: log.1
2025-10-24T19:51:42.503+05:30  INFO 52456 --- [   SyncThread:0] o.a.zookeeper.audit.ZKAuditProvider      : ZooKeeper audit is disabled.
2025-10-24T19:51:42.503+05:30  INFO 52456 --- [27.0.0.1:51693)] org.apache.zookeeper.ClientCnxn          : Session establishment complete on server /127.0.0.1:51693, session id = 0x10006e2f34e0000, negotiated timeout = 16000
2025-10-24T19:51:42.504+05:30  INFO 52456 --- [           main] kafka.zookeeper.ZooKeeperClient          : [ZooKeeperClient Kafka server] Connected.
2025-10-24T19:51:42.594+05:30  INFO 52456 --- [           main] kafka.server.KafkaServer                 : Cluster ID = eycILEkNTWi4fqZTuKBcGg
2025-10-24T19:51:42.610+05:30  INFO 52456 --- [           main] kafka.server.KafkaConfig                 : KafkaConfig values: 
	advertised.listeners = null
	alter.config.policy.class.name = null
	alter.log.dirs.replication.quota.window.num = 11
	alter.log.dirs.replication.quota.window.size.seconds = 1
	authorizer.class.name = 
	auto.create.topics.enable = true
	auto.include.jmx.reporter = true
	auto.leader.rebalance.enable = true
	background.threads = 2
	broker.heartbeat.interval.ms = 2000
	broker.id = 0
	broker.id.generation.enable = true
	broker.rack = null
	broker.session.timeout.ms = 9000
	client.quota.callback.class = null
	compression.type = producer
	connection.failed.authentication.delay.ms = 100
	connections.max.idle.ms = 600000
	connections.max.reauth.ms = 0
	control.plane.listener.name = null
	controlled.shutdown.enable = false
	controlled.shutdown.max.retries = 3
	controlled.shutdown.retry.backoff.ms = 100
	controller.listener.names = null
	controller.quorum.append.linger.ms = 25
	controller.quorum.election.backoff.max.ms = 1000
	controller.quorum.election.timeout.ms = 1000
	controller.quorum.fetch.timeout.ms = 2000
	controller.quorum.request.timeout.ms = 2000
	controller.quorum.retry.backoff.ms = 20
	controller.quorum.voters = []
	controller.quota.window.num = 11
	controller.quota.window.size.seconds = 1
	controller.socket.timeout.ms = 1000
	create.topic.policy.class.name = null
	default.replication.factor = 1
	delegation.token.expiry.check.interval.ms = 3600000
	delegation.token.expiry.time.ms = 86400000
	delegation.token.master.key = null
	delegation.token.max.lifetime.ms = 604800000
	delegation.token.secret.key = null
	delete.records.purgatory.purge.interval.requests = 1
	delete.topic.enable = true
	early.start.listeners = null
	eligible.leader.replicas.enable = false
	fetch.max.bytes = 57671680
	fetch.purgatory.purge.interval.requests = 1000
	group.consumer.assignors = [org.apache.kafka.coordinator.group.assignor.UniformAssignor, org.apache.kafka.coordinator.group.assignor.RangeAssignor]
	group.consumer.heartbeat.interval.ms = 5000
	group.consumer.max.heartbeat.interval.ms = 15000
	group.consumer.max.session.timeout.ms = 60000
	group.consumer.max.size = 2147483647
	group.consumer.min.heartbeat.interval.ms = 5000
	group.consumer.min.session.timeout.ms = 45000
	group.consumer.session.timeout.ms = 45000
	group.coordinator.new.enable = false
	group.coordinator.rebalance.protocols = [classic]
	group.coordinator.threads = 1
	group.initial.rebalance.delay.ms = 0
	group.max.session.timeout.ms = 1800000
	group.max.size = 2147483647
	group.min.session.timeout.ms = 6000
	initial.broker.registration.timeout.ms = 60000
	inter.broker.listener.name = null
	inter.broker.protocol.version = 3.7-IV4
	kafka.metrics.polling.interval.secs = 10
	kafka.metrics.reporters = []
	leader.imbalance.check.interval.seconds = 300
	leader.imbalance.per.broker.percentage = 10
	listener.security.protocol.map = PLAINTEXT:PLAINTEXT,SSL:SSL,SASL_PLAINTEXT:SASL_PLAINTEXT,SASL_SSL:SASL_SSL
	listeners = PLAINTEXT://localhost:0
	log.cleaner.backoff.ms = 15000
	log.cleaner.dedupe.buffer.size = 2097152
	log.cleaner.delete.retention.ms = 86400000
	log.cleaner.enable = true
	log.cleaner.io.buffer.load.factor = 0.9
	log.cleaner.io.buffer.size = 524288
	log.cleaner.io.max.bytes.per.second = 1.7976931348623157E308
	log.cleaner.max.compaction.lag.ms = 9223372036854775807
	log.cleaner.min.cleanable.ratio = 0.5
	log.cleaner.min.compaction.lag.ms = 0
	log.cleaner.threads = 1
	log.cleanup.policy = [delete]
	log.dir = /var/folders/g_/gfjr_4jj1hgbw60dclf6b3f80000gp/T/spring.kafka.b0f59077-5ff9-4e92-8efb-3d130ed85dd15064979666505320678
	log.dirs = null
	log.flush.interval.messages = 9223372036854775807
	log.flush.interval.ms = null
	log.flush.offset.checkpoint.interval.ms = 60000
	log.flush.scheduler.interval.ms = 9223372036854775807
	log.flush.start.offset.checkpoint.interval.ms = 60000
	log.index.interval.bytes = 4096
	log.index.size.max.bytes = 10485760
	log.local.retention.bytes = -2
	log.local.retention.ms = -2
	log.message.downconversion.enable = true
	log.message.format.version = 3.0-IV1
	log.message.timestamp.after.max.ms = 9223372036854775807
	log.message.timestamp.before.max.ms = 9223372036854775807
	log.message.timestamp.difference.max.ms = 9223372036854775807
	log.message.timestamp.type = CreateTime
	log.preallocate = false
	log.retention.bytes = -1
	log.retention.check.interval.ms = 300000
	log.retention.hours = 168
	log.retention.minutes = null
	log.retention.ms = null
	log.roll.hours = 168
	log.roll.jitter.hours = 0
	log.roll.jitter.ms = null
	log.roll.ms = null
	log.segment.bytes = 1073741824
	log.segment.delete.delay.ms = 1000
	max.connection.creation.rate = 2147483647
	max.connections = 2147483647
	max.connections.per.ip = 2147483647
	max.connections.per.ip.overrides = 
	max.incremental.fetch.session.cache.slots = 1000
	message.max.bytes = 1048588
	metadata.log.dir = null
	metadata.log.max.record.bytes.between.snapshots = 20971520
	metadata.log.max.snapshot.interval.ms = 3600000
	metadata.log.segment.bytes = 1073741824
	metadata.log.segment.min.bytes = 8388608
	metadata.log.segment.ms = 604800000
	metadata.max.idle.interval.ms = 500
	metadata.max.retention.bytes = 104857600
	metadata.max.retention.ms = 604800000
	metric.reporters = []
	metrics.num.samples = 2
	metrics.recording.level = INFO
	metrics.sample.window.ms = 30000
	min.insync.replicas = 1
	node.id = 0
	num.io.threads = 8
	num.network.threads = 2
	num.partitions = 1
	num.recovery.threads.per.data.dir = 1
	num.replica.alter.log.dirs.threads = null
	num.replica.fetchers = 1
	offset.metadata.max.bytes = 4096
	offsets.commit.required.acks = -1
	offsets.commit.timeout.ms = 5000
	offsets.load.buffer.size = 5242880
	offsets.retention.check.interval.ms = 600000
	offsets.retention.minutes = 10080
	offsets.topic.compression.codec = 0
	offsets.topic.num.partitions = 5
	offsets.topic.replication.factor = 1
	offsets.topic.segment.bytes = 104857600
	password.encoder.cipher.algorithm = AES/CBC/PKCS5Padding
	password.encoder.iterations = 4096
	password.encoder.key.length = 128
	password.encoder.keyfactory.algorithm = null
	password.encoder.old.secret = null
	password.encoder.secret = null
	principal.builder.class = class org.apache.kafka.common.security.authenticator.DefaultKafkaPrincipalBuilder
	process.roles = []
	producer.id.expiration.check.interval.ms = 600000
	producer.id.expiration.ms = 86400000
	producer.purgatory.purge.interval.requests = 1000
	queued.max.request.bytes = -1
	queued.max.requests = 500
	quota.window.num = 11
	quota.window.size.seconds = 1
	remote.log.index.file.cache.total.size.bytes = 1073741824
	remote.log.manager.task.interval.ms = 30000
	remote.log.manager.task.retry.backoff.max.ms = 30000
	remote.log.manager.task.retry.backoff.ms = 500
	remote.log.manager.task.retry.jitter = 0.2
	remote.log.manager.thread.pool.size = 10
	remote.log.metadata.custom.metadata.max.bytes = 128
	remote.log.metadata.manager.class.name = org.apache.kafka.server.log.remote.metadata.storage.TopicBasedRemoteLogMetadataManager
	remote.log.metadata.manager.class.path = null
	remote.log.metadata.manager.impl.prefix = rlmm.config.
	remote.log.metadata.manager.listener.name = null
	remote.log.reader.max.pending.tasks = 100
	remote.log.reader.threads = 10
	remote.log.storage.manager.class.name = null
	remote.log.storage.manager.class.path = null
	remote.log.storage.manager.impl.prefix = rsm.config.
	remote.log.storage.system.enable = false
	replica.fetch.backoff.ms = 1000
	replica.fetch.max.bytes = 1048576
	replica.fetch.min.bytes = 1
	replica.fetch.response.max.bytes = 10485760
	replica.fetch.wait.max.ms = 500
	replica.high.watermark.checkpoint.interval.ms = 9223372036854775807
	replica.lag.time.max.ms = 30000
	replica.selector.class = null
	replica.socket.receive.buffer.bytes = 65536
	replica.socket.timeout.ms = 1000
	replication.quota.window.num = 11
	replication.quota.window.size.seconds = 1
	request.timeout.ms = 30000
	reserved.broker.max.id = 1000
	sasl.client.callback.handler.class = null
	sasl.enabled.mechanisms = [GSSAPI]
	sasl.jaas.config = null
	sasl.kerberos.kinit.cmd = /usr/bin/kinit
	sasl.kerberos.min.time.before.relogin = 60000
	sasl.kerberos.principal.to.local.rules = [DEFAULT]
	sasl.kerberos.service.name = null
	sasl.kerberos.ticket.renew.jitter = 0.05
	sasl.kerberos.ticket.renew.window.factor = 0.8
	sasl.login.callback.handler.class = null
	sasl.login.class = null
	sasl.login.connect.timeout.ms = null
	sasl.login.read.timeout.ms = null
	sasl.login.refresh.buffer.seconds = 300
	sasl.login.refresh.min.period.seconds = 60
	sasl.login.refresh.window.factor = 0.8
	sasl.login.refresh.window.jitter = 0.05
	sasl.login.retry.backoff.max.ms = 10000
	sasl.login.retry.backoff.ms = 100
	sasl.mechanism.controller.protocol = GSSAPI
	sasl.mechanism.inter.broker.protocol = GSSAPI
	sasl.oauthbearer.clock.skew.seconds = 30
	sasl.oauthbearer.expected.audience = null
	sasl.oauthbearer.expected.issuer = null
	sasl.oauthbearer.jwks.endpoint.refresh.ms = 3600000
	sasl.oauthbearer.jwks.endpoint.retry.backoff.max.ms = 10000
	sasl.oauthbearer.jwks.endpoint.retry.backoff.ms = 100
	sasl.oauthbearer.jwks.endpoint.url = null
	sasl.oauthbearer.scope.claim.name = scope
	sasl.oauthbearer.sub.claim.name = sub
	sasl.oauthbearer.token.endpoint.url = null
	sasl.server.callback.handler.class = null
	sasl.server.max.receive.size = 524288
	security.inter.broker.protocol = PLAINTEXT
	security.providers = null
	server.max.startup.time.ms = 9223372036854775807
	socket.connection.setup.timeout.max.ms = 30000
	socket.connection.setup.timeout.ms = 10000
	socket.listen.backlog.size = 50
	socket.receive.buffer.bytes = 102400
	socket.request.max.bytes = 104857600
	socket.send.buffer.bytes = 102400
	ssl.allow.dn.changes = false
	ssl.allow.san.changes = false
	ssl.cipher.suites = []
	ssl.client.auth = none
	ssl.enabled.protocols = [TLSv1.2, TLSv1.3]
	ssl.endpoint.identification.algorithm = https
	ssl.engine.factory.class = null
	ssl.key.password = null
	ssl.keymanager.algorithm = SunX509
	ssl.keystore.certificate.chain = null
	ssl.keystore.key = null
	ssl.keystore.location = null
	ssl.keystore.password = null
	ssl.keystore.type = JKS
	ssl.principal.mapping.rules = DEFAULT
	ssl.protocol = TLSv1.3
	ssl.provider = null
	ssl.secure.random.implementation = null
	ssl.trustmanager.algorithm = PKIX
	ssl.truststore.certificates = null
	ssl.truststore.location = null
	ssl.truststore.password = null
	ssl.truststore.type = JKS
	telemetry.max.bytes = 1048576
	transaction.abort.timed.out.transaction.cleanup.interval.ms = 10000
	transaction.max.timeout.ms = 900000
	transaction.partition.verification.enable = true
	transaction.remove.expired.transaction.cleanup.interval.ms = 3600000
	transaction.state.log.load.buffer.size = 5242880
	transaction.state.log.min.isr = 2
	transaction.state.log.num.partitions = 50
	transaction.state.log.replication.factor = 3
	transaction.state.log.segment.bytes = 104857600
	transactional.id.expiration.ms = 604800000
	unclean.leader.election.enable = false
	unstable.api.versions.enable = false
	unstable.metadata.versions.enable = true
	zookeeper.clientCnxnSocket = null
	zookeeper.connect = 127.0.0.1:51693
	zookeeper.connection.timeout.ms = 10000
	zookeeper.max.in.flight.requests = 10
	zookeeper.metadata.migration.enable = false
	zookeeper.metadata.migration.min.batch.size = 200
	zookeeper.session.timeout.ms = 18000
	zookeeper.set.acl = false
	zookeeper.ssl.cipher.suites = null
	zookeeper.ssl.client.enable = false
	zookeeper.ssl.crl.enable = false
	zookeeper.ssl.enabled.protocols = null
	zookeeper.ssl.endpoint.identification.algorithm = HTTPS
	zookeeper.ssl.keystore.location = null
	zookeeper.ssl.keystore.password = null
	zookeeper.ssl.keystore.type = null
	zookeeper.ssl.ocsp.enable = false
	zookeeper.ssl.protocol = TLSv1.2
	zookeeper.ssl.truststore.location = null
	zookeeper.ssl.truststore.password = null
	zookeeper.ssl.truststore.type = null

2025-10-24T19:51:42.622+05:30  INFO 52456 --- [nelReaper-Fetch] lientQuotaManager$ThrottledChannelReaper : [ThrottledChannelReaper-Fetch]: Starting
2025-10-24T19:51:42.622+05:30  INFO 52456 --- [lReaper-Produce] lientQuotaManager$ThrottledChannelReaper : [ThrottledChannelReaper-Produce]: Starting
2025-10-24T19:51:42.622+05:30  INFO 52456 --- [lReaper-Request] lientQuotaManager$ThrottledChannelReaper : [ThrottledChannelReaper-Request]: Starting
2025-10-24T19:51:42.623+05:30  INFO 52456 --- [trollerMutation] lientQuotaManager$ThrottledChannelReaper : [ThrottledChannelReaper-ControllerMutation]: Starting
2025-10-24T19:51:42.625+05:30  INFO 52456 --- [           main] kafka.server.KafkaServer                 : [KafkaServer id=0] Rewriting /var/folders/g_/gfjr_4jj1hgbw60dclf6b3f80000gp/T/spring.kafka.b0f59077-5ff9-4e92-8efb-3d130ed85dd15064979666505320678/meta.properties
2025-10-24T19:51:42.646+05:30  INFO 52456 --- [           main] kafka.log.LogManager                     : Loading logs from log dirs ArraySeq(/var/folders/g_/gfjr_4jj1hgbw60dclf6b3f80000gp/T/spring.kafka.b0f59077-5ff9-4e92-8efb-3d130ed85dd15064979666505320678)
2025-10-24T19:51:42.648+05:30  INFO 52456 --- [           main] kafka.log.LogManager                     : No logs found to be loaded in /var/folders/g_/gfjr_4jj1hgbw60dclf6b3f80000gp/T/spring.kafka.b0f59077-5ff9-4e92-8efb-3d130ed85dd15064979666505320678
2025-10-24T19:51:42.651+05:30  INFO 52456 --- [           main] kafka.log.LogManager                     : Loaded 0 logs in 5ms
2025-10-24T19:51:42.652+05:30  INFO 52456 --- [           main] kafka.log.LogManager                     : Starting log cleanup with a period of 300000 ms.
2025-10-24T19:51:42.652+05:30  INFO 52456 --- [           main] kafka.log.LogManager                     : Starting log flusher with a default period of 9223372036854775807 ms.
2025-10-24T19:51:42.655+05:30  INFO 52456 --- [           main] kafka.log.LogCleaner                     : Starting the log cleaner
2025-10-24T19:51:42.660+05:30  INFO 52456 --- [leaner-thread-0] kafka.log.LogCleaner$CleanerThread       : [kafka-log-cleaner-thread-0]: Starting
2025-10-24T19:51:42.665+05:30  INFO 52456 --- [-process-thread] stener$ChangeNotificationProcessorThread : [feature-zk-node-event-process-thread]: Starting
2025-10-24T19:51:42.668+05:30  INFO 52456 --- [-process-thread] k.server.FinalizedFeatureChangeListener  : Feature ZK node at path: /feature does not exist
2025-10-24T19:51:42.676+05:30  INFO 52456 --- [channel-manager] k.server.NodeToControllerRequestThread   : [zk-broker-0-to-controller-forwarding-channel-manager]: Starting
2025-10-24T19:51:42.789+05:30  INFO 52456 --- [           main] kafka.network.ConnectionQuotas           : Updated connection-accept-rate max connection creation rate to 2147483647
2025-10-24T19:51:42.791+05:30  INFO 52456 --- [           main] kafka.network.DataPlaneAcceptor          : Awaiting socket connections on localhost:51695.
2025-10-24T19:51:42.791+05:30  INFO 52456 --- [           main] kafka.network.DataPlaneAcceptor          : Opened wildcard endpoint localhost:51695
2025-10-24T19:51:42.797+05:30  INFO 52456 --- [           main] kafka.network.SocketServer               : [SocketServer listenerType=ZK_BROKER, nodeId=0] Created data-plane acceptor and processors for endpoint : ListenerName(PLAINTEXT)
2025-10-24T19:51:42.799+05:30  INFO 52456 --- [channel-manager] k.server.NodeToControllerRequestThread   : [zk-broker-0-to-controller-alter-partition-channel-manager]: Starting
2025-10-24T19:51:42.810+05:30  INFO 52456 --- [eaper-0-Produce] perationPurgatory$ExpiredOperationReaper : [ExpirationReaper-0-Produce]: Starting
2025-10-24T19:51:42.811+05:30  INFO 52456 --- [nReaper-0-Fetch] perationPurgatory$ExpiredOperationReaper : [ExpirationReaper-0-Fetch]: Starting
2025-10-24T19:51:42.812+05:30  INFO 52456 --- [0-DeleteRecords] perationPurgatory$ExpiredOperationReaper : [ExpirationReaper-0-DeleteRecords]: Starting
2025-10-24T19:51:42.812+05:30  INFO 52456 --- [r-0-ElectLeader] perationPurgatory$ExpiredOperationReaper : [ExpirationReaper-0-ElectLeader]: Starting
2025-10-24T19:51:42.813+05:30  INFO 52456 --- [r-0-RemoteFetch] perationPurgatory$ExpiredOperationReaper : [ExpirationReaper-0-RemoteFetch]: Starting
2025-10-24T19:51:42.818+05:30  INFO 52456 --- [rFailureHandler] k.s.ReplicaManager$LogDirFailureHandler  : [LogDirFailureHandler]: Starting
2025-10-24T19:51:42.819+05:30  INFO 52456 --- [nSenderThread-0] kafka.server.AddPartitionsToTxnManager   : [AddPartitionsToTxnSenderThread-0]: Starting
2025-10-24T19:51:42.827+05:30  INFO 52456 --- [           main] kafka.zk.KafkaZkClient                   : Creating /brokers/ids/0 (is it secure? false)
2025-10-24T19:51:42.833+05:30  INFO 52456 --- [           main] kafka.zk.KafkaZkClient                   : Stat of the created znode at /brokers/ids/0 is: 25,25,1761315702831,1761315702831,1,0,0,72065165852278784,204,0,25

2025-10-24T19:51:42.833+05:30  INFO 52456 --- [           main] kafka.zk.KafkaZkClient                   : Registered broker 0 at path /brokers/ids/0 with addresses: PLAINTEXT://localhost:51695, czxid (broker epoch): 25
2025-10-24T19:51:42.848+05:30  INFO 52456 --- [er-event-thread] rollerEventManager$ControllerEventThread : [ControllerEventThread controllerId=0] Starting
2025-10-24T19:51:42.851+05:30  INFO 52456 --- [nReaper-0-topic] perationPurgatory$ExpiredOperationReaper : [ExpirationReaper-0-topic]: Starting
2025-10-24T19:51:42.853+05:30  INFO 52456 --- [er-event-thread] kafka.zk.KafkaZkClient                   : Successfully created /controller_epoch with initial epoch 0
2025-10-24T19:51:42.855+05:30  INFO 52456 --- [er-event-thread] kafka.controller.KafkaController         : [Controller id=0] 0 successfully elected as the controller. Epoch incremented to 1 and epoch zk version is now 1
2025-10-24T19:51:42.856+05:30  INFO 52456 --- [er-event-thread] kafka.controller.KafkaController         : [Controller id=0] Creating FeatureZNode at path: /feature with contents: FeatureZNode(2,Enabled,Map())
2025-10-24T19:51:42.856+05:30  INFO 52456 --- [per-0-Heartbeat] perationPurgatory$ExpiredOperationReaper : [ExpirationReaper-0-Heartbeat]: Starting
2025-10-24T19:51:42.856+05:30  INFO 52456 --- [per-0-Rebalance] perationPurgatory$ExpiredOperationReaper : [ExpirationReaper-0-Rebalance]: Starting
2025-10-24T19:51:42.856+05:30  INFO 52456 --- [ain-EventThread] k.server.FinalizedFeatureChangeListener  : Feature ZK node created at path: /feature
2025-10-24T19:51:42.862+05:30  INFO 52456 --- [           main] k.coordinator.group.GroupCoordinator     : [GroupCoordinator 0]: Starting up.
2025-10-24T19:51:42.863+05:30  INFO 52456 --- [           main] k.coordinator.group.GroupCoordinator     : [GroupCoordinator 0]: Startup complete.
2025-10-24T19:51:42.864+05:30  INFO 52456 --- [-process-thread] kafka.server.metadata.ZkMetadataCache    : [MetadataCache brokerId=0] Updated cache from existing None to latest Features(version=3.7-IV4, finalizedFeatures={}, finalizedFeaturesEpoch=0).
2025-10-24T19:51:42.864+05:30  INFO 52456 --- [er-event-thread] kafka.controller.KafkaController         : [Controller id=0] Registering handlers
2025-10-24T19:51:42.865+05:30  INFO 52456 --- [er-event-thread] kafka.controller.KafkaController         : [Controller id=0] Deleting log dir event notifications
2025-10-24T19:51:42.866+05:30  INFO 52456 --- [er-event-thread] kafka.controller.KafkaController         : [Controller id=0] Deleting isr change notifications
2025-10-24T19:51:42.867+05:30  INFO 52456 --- [er-event-thread] kafka.controller.KafkaController         : [Controller id=0] Initializing controller context
2025-10-24T19:51:42.868+05:30  INFO 52456 --- [           main] k.c.transaction.TransactionCoordinator   : [TransactionCoordinator id=0] Starting up.
2025-10-24T19:51:42.869+05:30  INFO 52456 --- [rSenderThread-0] k.c.t.TransactionMarkerChannelManager    : [TxnMarkerSenderThread-0]: Starting
2025-10-24T19:51:42.869+05:30  INFO 52456 --- [           main] k.c.transaction.TransactionCoordinator   : [TransactionCoordinator id=0] Startup complete.
2025-10-24T19:51:42.871+05:30  INFO 52456 --- [er-event-thread] kafka.controller.KafkaController         : [Controller id=0] Initialized broker epochs cache: HashMap(0 -> 25)
2025-10-24T19:51:42.878+05:30  INFO 52456 --- [r-0-send-thread] kafka.controller.RequestSendThread       : [RequestSendThread controllerId=0] Starting
2025-10-24T19:51:42.879+05:30  INFO 52456 --- [er-event-thread] kafka.controller.KafkaController         : [Controller id=0] Currently active brokers in the cluster: Set(0)
2025-10-24T19:51:42.879+05:30  INFO 52456 --- [er-event-thread] kafka.controller.KafkaController         : [Controller id=0] Currently shutting brokers in the cluster: HashSet()
2025-10-24T19:51:42.879+05:30  INFO 52456 --- [er-event-thread] kafka.controller.KafkaController         : [Controller id=0] Current list of topics in the cluster: HashSet()
2025-10-24T19:51:42.879+05:30  INFO 52456 --- [er-event-thread] kafka.controller.KafkaController         : [Controller id=0] Fetching topic deletions in progress
2025-10-24T19:51:42.880+05:30  INFO 52456 --- [er-event-thread] kafka.controller.KafkaController         : [Controller id=0] List of topics to be deleted: 
2025-10-24T19:51:42.880+05:30  INFO 52456 --- [er-event-thread] kafka.controller.KafkaController         : [Controller id=0] List of topics ineligible for deletion: 
2025-10-24T19:51:42.880+05:30  INFO 52456 --- [er-event-thread] kafka.controller.KafkaController         : [Controller id=0] Initializing topic deletion manager
2025-10-24T19:51:42.880+05:30  INFO 52456 --- [er-event-thread] kafka.controller.TopicDeletionManager    : [Topic Deletion Manager 0] Initializing manager with initial deletions: Set(), initial ineligible deletions: HashSet()
2025-10-24T19:51:42.881+05:30  INFO 52456 --- [er-event-thread] kafka.controller.KafkaController         : [Controller id=0] Sending update metadata request
2025-10-24T19:51:42.882+05:30  INFO 52456 --- [er-event-thread] state.change.logger                      : [Controller id=0 epoch=1] Sending UpdateMetadata request to brokers HashSet(0) for 0 partitions
2025-10-24T19:51:42.884+05:30  INFO 52456 --- [er-event-thread] kafka.controller.ZkReplicaStateMachine   : [ReplicaStateMachine controllerId=0] Initializing replica state
2025-10-24T19:51:42.884+05:30  INFO 52456 --- [er-event-thread] kafka.controller.ZkReplicaStateMachine   : [ReplicaStateMachine controllerId=0] Triggering online replica state changes
2025-10-24T19:51:42.885+05:30  INFO 52456 --- [er-event-thread] kafka.controller.ZkReplicaStateMachine   : [ReplicaStateMachine controllerId=0] Triggering offline replica state changes
2025-10-24T19:51:42.885+05:30  INFO 52456 --- [er-event-thread] k.controller.ZkPartitionStateMachine     : [PartitionStateMachine controllerId=0] Initializing partition state
2025-10-24T19:51:42.885+05:30  INFO 52456 --- [er-event-thread] k.controller.ZkPartitionStateMachine     : [PartitionStateMachine controllerId=0] Triggering online partition state changes
2025-10-24T19:51:42.886+05:30  INFO 52456 --- [per-0-AlterAcls] perationPurgatory$ExpiredOperationReaper : [ExpirationReaper-0-AlterAcls]: Starting
2025-10-24T19:51:42.886+05:30  INFO 52456 --- [er-event-thread] kafka.controller.KafkaController         : [Controller id=0] Ready to serve as the new controller with epoch 1
2025-10-24T19:51:42.887+05:30  INFO 52456 --- [r-0-send-thread] kafka.controller.RequestSendThread       : [RequestSendThread controllerId=0] Controller 0 connected to localhost:51695 (id: 0 rack: null) for sending state change requests
2025-10-24T19:51:42.890+05:30  INFO 52456 --- [er-event-thread] kafka.controller.KafkaController         : [Controller id=0] Partitions undergoing preferred replica election: 
2025-10-24T19:51:42.890+05:30  INFO 52456 --- [er-event-thread] kafka.controller.KafkaController         : [Controller id=0] Partitions that completed preferred replica election: 
2025-10-24T19:51:42.890+05:30  INFO 52456 --- [er-event-thread] kafka.controller.KafkaController         : [Controller id=0] Skipping preferred replica election for partitions due to topic deletion: 
2025-10-24T19:51:42.890+05:30  INFO 52456 --- [er-event-thread] kafka.controller.KafkaController         : [Controller id=0] Resuming preferred replica election for partitions: 
2025-10-24T19:51:42.890+05:30  INFO 52456 --- [er-event-thread] kafka.controller.KafkaController         : [Controller id=0] Starting replica leader election (PREFERRED) for partitions  triggered by ZkTriggered
2025-10-24T19:51:42.894+05:30  INFO 52456 --- [er-event-thread] kafka.controller.KafkaController         : [Controller id=0] Starting the controller scheduler
2025-10-24T19:51:42.898+05:30  INFO 52456 --- [-process-thread] icationListener$ChangeEventProcessThread : [/config/changes-event-process-thread]: Starting
2025-10-24T19:51:42.901+05:30  INFO 52456 --- [           main] kafka.network.SocketServer               : [SocketServer listenerType=ZK_BROKER, nodeId=0] Enabling request processing.
2025-10-24T19:51:42.904+05:30  INFO 52456 --- [           main] o.a.kafka.common.utils.AppInfoParser     : Kafka version: 3.7.1
2025-10-24T19:51:42.904+05:30  INFO 52456 --- [           main] o.a.kafka.common.utils.AppInfoParser     : Kafka commitId: e2494e6ffb89f828
2025-10-24T19:51:42.904+05:30  INFO 52456 --- [           main] o.a.kafka.common.utils.AppInfoParser     : Kafka startTimeMs: 1761315702903
[...]
2025-10-24T19:51:43.809+05:30  INFO 52456 --- [er-event-thread] state.change.logger                      : [Controller id=0 epoch=1] Changed partition __consumer_offsets-3 from NewPartition to OnlinePartition with state LeaderAndIsr(leader=0, leaderEpoch=0, isrWithBrokerEpoch=List(BrokerState(brokerId=0, brokerEpoch=-1)), leaderRecoveryState=RECOVERED, partitionEpoch=0)
2025-10-24T19:51:43.809+05:30  INFO 52456 --- [er-event-thread] state.change.logger                      : [Controller id=0 epoch=1] Changed partition __consumer_offsets-2 from NewPartition to OnlinePartition with state LeaderAndIsr(leader=0, leaderEpoch=0, isrWithBrokerEpoch=List(BrokerState(brokerId=0, brokerEpoch=-1)), leaderRecoveryState=RECOVERED, partitionEpoch=0)
2025-10-24T19:51:43.809+05:30  INFO 52456 --- [er-event-thread] state.change.logger                      : [Controller id=0 epoch=1] Changed partition __consumer_offsets-0 from NewPartition to OnlinePartition with state LeaderAndIsr(leader=0, leaderEpoch=0, isrWithBrokerEpoch=List(BrokerState(brokerId=0, brokerEpoch=-1)), leaderRecoveryState=RECOVERED, partitionEpoch=0)
2025-10-24T19:51:43.809+05:30  INFO 52456 --- [er-event-thread] state.change.logger                      : [Controller id=0 epoch=1] Changed partition __consumer_offsets-1 from NewPartition to OnlinePartition with state LeaderAndIsr(leader=0, leaderEpoch=0, isrWithBrokerEpoch=List(BrokerState(brokerId=0, brokerEpoch=-1)), leaderRecoveryState=RECOVERED, partitionEpoch=0)
2025-10-24T19:51:43.809+05:30  INFO 52456 --- [er-event-thread] state.change.logger                      : [Controller id=0 epoch=1] Sending LeaderAndIsr request to broker 0 with 5 become-leader and 0 become-follower partitions
2025-10-24T19:51:43.809+05:30  INFO 52456 --- [er-event-thread] state.change.logger                      : [Controller id=0 epoch=1] Sending UpdateMetadata request to brokers HashSet(0) for 5 partitions
2025-10-24T19:51:43.809+05:30  INFO 52456 --- [er-event-thread] state.change.logger                      : [Controller id=0 epoch=1] Sending UpdateMetadata request to brokers HashSet() for 0 partitions
2025-10-24T19:51:43.809+05:30  INFO 52456 --- [quest-handler-3] state.change.logger                      : [Broker id=0] Handling LeaderAndIsr request correlationId 3 from controller 0 for 5 partitions
2025-10-24T19:51:43.810+05:30  INFO 52456 --- [quest-handler-3] kafka.server.ReplicaFetcherManager       : [ReplicaFetcherManager on broker 0] Removed fetcher for partitions HashSet(__consumer_offsets-4, __consumer_offsets-3, __consumer_offsets-2, __consumer_offsets-0, __consumer_offsets-1)
2025-10-24T19:51:43.810+05:30  INFO 52456 --- [quest-handler-3] state.change.logger                      : [Broker id=0] Stopped fetchers as part of LeaderAndIsr request correlationId 3 from controller 0 epoch 1 as part of the become-leader transition for 5 partitions
2025-10-24T19:51:43.813+05:30  INFO 52456 --- [quest-handler-3] kafka.log.UnifiedLog$                    : [LogLoader partition=__consumer_offsets-3, dir=/var/folders/g_/gfjr_4jj1hgbw60dclf6b3f80000gp/T/spring.kafka.b0f59077-5ff9-4e92-8efb-3d130ed85dd15064979666505320678] Loading producer state till offset 0 with message format version 2
2025-10-24T19:51:43.813+05:30  INFO 52456 --- [quest-handler-3] kafka.log.LogManager                     : Created log for partition __consumer_offsets-3 in /var/folders/g_/gfjr_4jj1hgbw60dclf6b3f80000gp/T/spring.kafka.b0f59077-5ff9-4e92-8efb-3d130ed85dd15064979666505320678/__consumer_offsets-3 with properties {cleanup.policy=compact, compression.type="producer", segment.bytes=104857600}
2025-10-24T19:51:43.813+05:30  INFO 52456 --- [quest-handler-3] kafka.cluster.Partition                  : [Partition __consumer_offsets-3 broker=0] No checkpointed highwatermark is found for partition __consumer_offsets-3
2025-10-24T19:51:43.813+05:30  INFO 52456 --- [quest-handler-3] kafka.cluster.Partition                  : [Partition __consumer_offsets-3 broker=0] Log loaded for partition __consumer_offsets-3 with initial high watermark 0
2025-10-24T19:51:43.813+05:30  INFO 52456 --- [quest-handler-3] state.change.logger                      : [Broker id=0] Leader __consumer_offsets-3 with topic id Some(ssDVDSz_Q36KCn76VHKzZw) starts at leader epoch 0 from offset 0 with partition epoch 0, high watermark 0, ISR [0], adding replicas [] and removing replicas [] . Previous leader None and previous leader epoch was -1.
2025-10-24T19:51:43.825+05:30  INFO 52456 --- [quest-handler-3] kafka.log.UnifiedLog$                    : [LogLoader partition=__consumer_offsets-2, dir=/var/folders/g_/gfjr_4jj1hgbw60dclf6b3f80000gp/T/spring.kafka.b0f59077-5ff9-4e92-8efb-3d130ed85dd15064979666505320678] Loading producer state till offset 0 with message format version 2
2025-10-24T19:51:43.825+05:30  INFO 52456 --- [quest-handler-3] kafka.log.LogManager                     : Created log for partition __consumer_offsets-2 in /var/folders/g_/gfjr_4jj1hgbw60dclf6b3f80000gp/T/spring.kafka.b0f59077-5ff9-4e92-8efb-3d130ed85dd15064979666505320678/__consumer_offsets-2 with properties {cleanup.policy=compact, compression.type="producer", segment.bytes=104857600}
2025-10-24T19:51:43.825+05:30  INFO 52456 --- [quest-handler-3] kafka.cluster.Partition                  : [Partition __consumer_offsets-2 broker=0] No checkpointed highwatermark is found for partition __consumer_offsets-2
2025-10-24T19:51:43.825+05:30  INFO 52456 --- [quest-handler-3] kafka.cluster.Partition                  : [Partition __consumer_offsets-2 broker=0] Log loaded for partition __consumer_offsets-2 with initial high watermark 0
2025-10-24T19:51:43.825+05:30  INFO 52456 --- [quest-handler-3] state.change.logger                      : [Broker id=0] Leader __consumer_offsets-2 with topic id Some(ssDVDSz_Q36KCn76VHKzZw) starts at leader epoch 0 from offset 0 with partition epoch 0, high watermark 0, ISR [0], adding replicas [] and removing replicas [] . Previous leader None and previous leader epoch was -1.
2025-10-24T19:51:43.831+05:30  INFO 52456 --- [quest-handler-3] kafka.log.UnifiedLog$                    : [LogLoader partition=__consumer_offsets-4, dir=/var/folders/g_/gfjr_4jj1hgbw60dclf6b3f80000gp/T/spring.kafka.b0f59077-5ff9-4e92-8efb-3d130ed85dd15064979666505320678] Loading producer state till offset 0 with message format version 2
2025-10-24T19:51:43.831+05:30  INFO 52456 --- [quest-handler-3] kafka.log.LogManager                     : Created log for partition __consumer_offsets-4 in /var/folders/g_/gfjr_4jj1hgbw60dclf6b3f80000gp/T/spring.kafka.b0f59077-5ff9-4e92-8efb-3d130ed85dd15064979666505320678/__consumer_offsets-4 with properties {cleanup.policy=compact, compression.type="producer", segment.bytes=104857600}
2025-10-24T19:51:43.831+05:30  INFO 52456 --- [quest-handler-3] kafka.cluster.Partition                  : [Partition __consumer_offsets-4 broker=0] No checkpointed highwatermark is found for partition __consumer_offsets-4
2025-10-24T19:51:43.831+05:30  INFO 52456 --- [quest-handler-3] kafka.cluster.Partition                  : [Partition __consumer_offsets-4 broker=0] Log loaded for partition __consumer_offsets-4 with initial high watermark 0
2025-10-24T19:51:43.832+05:30  INFO 52456 --- [quest-handler-3] state.change.logger                      : [Broker id=0] Leader __consumer_offsets-4 with topic id Some(ssDVDSz_Q36KCn76VHKzZw) starts at leader epoch 0 from offset 0 with partition epoch 0, high watermark 0, ISR [0], adding replicas [] and removing replicas [] . Previous leader None and previous leader epoch was -1.
2025-10-24T19:51:43.839+05:30  INFO 52456 --- [quest-handler-3] kafka.log.UnifiedLog$                    : [LogLoader partition=__consumer_offsets-1, dir=/var/folders/g_/gfjr_4jj1hgbw60dclf6b3f80000gp/T/spring.kafka.b0f59077-5ff9-4e92-8efb-3d130ed85dd15064979666505320678] Loading producer state till offset 0 with message format version 2
2025-10-24T19:51:43.839+05:30  INFO 52456 --- [quest-handler-3] kafka.log.LogManager                     : Created log for partition __consumer_offsets-1 in /var/folders/g_/gfjr_4jj1hgbw60dclf6b3f80000gp/T/spring.kafka.b0f59077-5ff9-4e92-8efb-3d130ed85dd15064979666505320678/__consumer_offsets-1 with properties {cleanup.policy=compact, compression.type="producer", segment.bytes=104857600}
2025-10-24T19:51:43.839+05:30  INFO 52456 --- [quest-handler-3] kafka.cluster.Partition                  : [Partition __consumer_offsets-1 broker=0] No checkpointed highwatermark is found for partition __consumer_offsets-1
2025-10-24T19:51:43.839+05:30  INFO 52456 --- [quest-handler-3] kafka.cluster.Partition                  : [Partition __consumer_offsets-1 broker=0] Log loaded for partition __consumer_offsets-1 with initial high watermark 0
2025-10-24T19:51:43.839+05:30  INFO 52456 --- [quest-handler-3] state.change.logger                      : [Broker id=0] Leader __consumer_offsets-1 with topic id Some(ssDVDSz_Q36KCn76VHKzZw) starts at leader epoch 0 from offset 0 with partition epoch 0, high watermark 0, ISR [0], adding replicas [] and removing replicas [] . Previous leader None and previous leader epoch was -1.
2025-10-24T19:51:43.847+05:30  INFO 52456 --- [quest-handler-3] kafka.log.UnifiedLog$                    : [LogLoader partition=__consumer_offsets-0, dir=/var/folders/g_/gfjr_4jj1hgbw60dclf6b3f80000gp/T/spring.kafka.b0f59077-5ff9-4e92-8efb-3d130ed85dd15064979666505320678] Loading producer state till offset 0 with message format version 2
2025-10-24T19:51:43.847+05:30  INFO 52456 --- [quest-handler-3] kafka.log.LogManager                     : Created log for partition __consumer_offsets-0 in /var/folders/g_/gfjr_4jj1hgbw60dclf6b3f80000gp/T/spring.kafka.b0f59077-5ff9-4e92-8efb-3d130ed85dd15064979666505320678/__consumer_offsets-0 with properties {cleanup.policy=compact, compression.type="producer", segment.bytes=104857600}
2025-10-24T19:51:43.847+05:30  INFO 52456 --- [quest-handler-3] kafka.cluster.Partition                  : [Partition __consumer_offsets-0 broker=0] No checkpointed highwatermark is found for partition __consumer_offsets-0
2025-10-24T19:51:43.847+05:30  INFO 52456 --- [quest-handler-3] kafka.cluster.Partition                  : [Partition __consumer_offsets-0 broker=0] Log loaded for partition __consumer_offsets-0 with initial high watermark 0
2025-10-24T19:51:43.847+05:30  INFO 52456 --- [quest-handler-3] state.change.logger                      : [Broker id=0] Leader __consumer_offsets-0 with topic id Some(ssDVDSz_Q36KCn76VHKzZw) starts at leader epoch 0 from offset 0 with partition epoch 0, high watermark 0, ISR [0], adding replicas [] and removing replicas [] . Previous leader None and previous leader epoch was -1.
2025-10-24T19:51:43.852+05:30  INFO 52456 --- [quest-handler-3] k.coordinator.group.GroupCoordinator     : [GroupCoordinator 0]: Elected as the group coordinator for partition 3 in epoch 0
2025-10-24T19:51:43.852+05:30  INFO 52456 --- [quest-handler-3] k.c.group.GroupMetadataManager           : [GroupMetadataManager brokerId=0] Scheduling loading of offsets and group metadata from __consumer_offsets-3 for epoch 0
2025-10-24T19:51:43.852+05:30  INFO 52456 --- [quest-handler-3] k.coordinator.group.GroupCoordinator     : [GroupCoordinator 0]: Elected as the group coordinator for partition 2 in epoch 0
2025-10-24T19:51:43.852+05:30  INFO 52456 --- [quest-handler-3] k.c.group.GroupMetadataManager           : [GroupMetadataManager brokerId=0] Scheduling loading of offsets and group metadata from __consumer_offsets-2 for epoch 0
2025-10-24T19:51:43.852+05:30  INFO 52456 --- [quest-handler-3] k.coordinator.group.GroupCoordinator     : [GroupCoordinator 0]: Elected as the group coordinator for partition 4 in epoch 0
2025-10-24T19:51:43.852+05:30  INFO 52456 --- [quest-handler-3] k.c.group.GroupMetadataManager           : [GroupMetadataManager brokerId=0] Scheduling loading of offsets and group metadata from __consumer_offsets-4 for epoch 0
2025-10-24T19:51:43.852+05:30  INFO 52456 --- [quest-handler-3] k.coordinator.group.GroupCoordinator     : [GroupCoordinator 0]: Elected as the group coordinator for partition 1 in epoch 0
2025-10-24T19:51:43.852+05:30  INFO 52456 --- [quest-handler-3] k.c.group.GroupMetadataManager           : [GroupMetadataManager brokerId=0] Scheduling loading of offsets and group metadata from __consumer_offsets-1 for epoch 0
2025-10-24T19:51:43.852+05:30  INFO 52456 --- [quest-handler-3] k.coordinator.group.GroupCoordinator     : [GroupCoordinator 0]: Elected as the group coordinator for partition 0 in epoch 0
2025-10-24T19:51:43.852+05:30  INFO 52456 --- [quest-handler-3] k.c.group.GroupMetadataManager           : [GroupMetadataManager brokerId=0] Scheduling loading of offsets and group metadata from __consumer_offsets-0 for epoch 0
2025-10-24T19:51:43.852+05:30  INFO 52456 --- [quest-handler-3] state.change.logger                      : [Broker id=0] Finished LeaderAndIsr request in 43ms correlationId 3 from controller 0 for 5 partitions
2025-10-24T19:51:43.853+05:30  INFO 52456 --- [quest-handler-4] state.change.logger                      : [Broker id=0] Add 5 partitions and deleted 0 partitions from metadata cache in response to UpdateMetadata request sent by controller 0 epoch 1 with correlation id 4
2025-10-24T19:51:43.854+05:30  INFO 52456 --- [adata-manager-0] k.c.group.GroupMetadataManager           : [GroupMetadataManager brokerId=0] Finished loading offsets and group metadata from __consumer_offsets-3 in 1 milliseconds for epoch 0, of which 0 milliseconds was spent in the scheduler.
2025-10-24T19:51:43.854+05:30  INFO 52456 --- [adata-manager-0] k.c.group.GroupMetadataManager           : [GroupMetadataManager brokerId=0] Finished loading offsets and group metadata from __consumer_offsets-2 in 2 milliseconds for epoch 0, of which 2 milliseconds was spent in the scheduler.
2025-10-24T19:51:43.854+05:30  INFO 52456 --- [adata-manager-0] k.c.group.GroupMetadataManager           : [GroupMetadataManager brokerId=0] Finished loading offsets and group metadata from __consumer_offsets-4 in 2 milliseconds for epoch 0, of which 2 milliseconds was spent in the scheduler.
2025-10-24T19:51:43.854+05:30  INFO 52456 --- [adata-manager-0] k.c.group.GroupMetadataManager           : [GroupMetadataManager brokerId=0] Finished loading offsets and group metadata from __consumer_offsets-1 in 2 milliseconds for epoch 0, of which 2 milliseconds was spent in the scheduler.
2025-10-24T19:51:43.854+05:30  INFO 52456 --- [adata-manager-0] k.c.group.GroupMetadataManager           : [GroupMetadataManager brokerId=0] Finished loading offsets and group metadata from __consumer_offsets-0 in 2 milliseconds for epoch 0, of which 2 milliseconds was spent in the scheduler.
2025-10-24T19:51:43.901+05:30  INFO 52456 --- [           main] o.a.k.c.c.internals.ConsumerCoordinator  : [Consumer clientId=consumer-test-group-1, groupId=test-group] Discovered group coordinator localhost:51695 (id: 2147483647 rack: null)
2025-10-24T19:51:43.902+05:30  INFO 52456 --- [           main] o.a.k.c.c.internals.ConsumerCoordinator  : [Consumer clientId=consumer-test-group-1, groupId=test-group] (Re-)joining group
2025-10-24T19:51:43.907+05:30  INFO 52456 --- [quest-handler-1] k.coordinator.group.GroupCoordinator     : [GroupCoordinator 0]: Dynamic member with unknown member id joins group test-group in Empty state. Created a new member id consumer-test-group-1-423b4172-27f2-471a-b90c-e7967ab16aa6 and request the member to rejoin with this id.
2025-10-24T19:51:43.908+05:30  INFO 52456 --- [           main] o.a.k.c.c.internals.ConsumerCoordinator  : [Consumer clientId=consumer-test-group-1, groupId=test-group] Request joining group due to: need to re-join with the given member-id: consumer-test-group-1-423b4172-27f2-471a-b90c-e7967ab16aa6
2025-10-24T19:51:43.909+05:30  INFO 52456 --- [           main] o.a.k.c.c.internals.ConsumerCoordinator  : [Consumer clientId=consumer-test-group-1, groupId=test-group] (Re-)joining group
2025-10-24T19:51:43.910+05:30  INFO 52456 --- [quest-handler-0] k.coordinator.group.GroupCoordinator     : [GroupCoordinator 0]: Preparing to rebalance group test-group in state PreparingRebalance with old generation 0 (__consumer_offsets-2) (reason: Adding new member consumer-test-group-1-423b4172-27f2-471a-b90c-e7967ab16aa6 with group instance id None; client reason: need to re-join with the given member-id: consumer-test-group-1-423b4172-27f2-471a-b90c-e7967ab16aa6)
2025-10-24T19:51:43.912+05:30  INFO 52456 --- [cutor-Rebalance] k.coordinator.group.GroupCoordinator     : [GroupCoordinator 0]: Stabilized group test-group generation 1 (__consumer_offsets-2) with 1 members
2025-10-24T19:51:43.912+05:30  INFO 52456 --- [           main] o.a.k.c.c.internals.ConsumerCoordinator  : [Consumer clientId=consumer-test-group-1, groupId=test-group] Successfully joined group with generation Generation{generationId=1, memberId='consumer-test-group-1-423b4172-27f2-471a-b90c-e7967ab16aa6', protocol='range'}
2025-10-24T19:51:43.914+05:30  INFO 52456 --- [           main] o.a.k.c.c.internals.ConsumerCoordinator  : [Consumer clientId=consumer-test-group-1, groupId=test-group] Finished assignment for group at generation 1: {consumer-test-group-1-423b4172-27f2-471a-b90c-e7967ab16aa6=Assignment(partitions=[github-accounts-0])}
2025-10-24T19:51:43.916+05:30  INFO 52456 --- [quest-handler-3] k.coordinator.group.GroupCoordinator     : [GroupCoordinator 0]: Assignment received from leader consumer-test-group-1-423b4172-27f2-471a-b90c-e7967ab16aa6 for group test-group for generation 1. The group has 1 members, 0 of which are static.
2025-10-24T19:51:43.920+05:30  INFO 52456 --- [           main] o.a.k.c.c.internals.ConsumerCoordinator  : [Consumer clientId=consumer-test-group-1, groupId=test-group] Successfully synced group in generation Generation{generationId=1, memberId='consumer-test-group-1-423b4172-27f2-471a-b90c-e7967ab16aa6', protocol='range'}
2025-10-24T19:51:43.920+05:30  INFO 52456 --- [           main] o.a.k.c.c.internals.ConsumerCoordinator  : [Consumer clientId=consumer-test-group-1, groupId=test-group] Notifying assignor about the new Assignment(partitions=[github-accounts-0])
2025-10-24T19:51:43.920+05:30  INFO 52456 --- [           main] k.c.c.i.ConsumerRebalanceListenerInvoker : [Consumer clientId=consumer-test-group-1, groupId=test-group] Adding newly assigned partitions: github-accounts-0
2025-10-24T19:51:43.923+05:30  INFO 52456 --- [           main] o.a.k.c.c.internals.ConsumerCoordinator  : [Consumer clientId=consumer-test-group-1, groupId=test-group] Found no committed offset for partition github-accounts-0
2025-10-24T19:51:43.926+05:30  INFO 52456 --- [           main] o.a.k.c.c.internals.SubscriptionState    : [Consumer clientId=consumer-test-group-1, groupId=test-group] Resetting offset for partition github-accounts-0 to position FetchPosition{offset=0, offsetEpoch=Optional.empty, currentLeader=LeaderAndEpoch{leader=Optional[localhost:51695 (id: 0 rack: null)], epoch=0}}.
2025-10-24T19:51:43.938+05:30  INFO 52456 --- [           main] o.a.k.c.c.internals.SubscriptionState    : [Consumer clientId=consumer-test-group-1, groupId=test-group] Seeking to earliest offset of partition github-accounts-0
2025-10-24T19:51:44.451+05:30  INFO 52456 --- [           main] o.a.k.c.c.internals.SubscriptionState    : [Consumer clientId=consumer-test-group-1, groupId=test-group] Resetting offset for partition github-accounts-0 to position FetchPosition{offset=0, offsetEpoch=Optional.empty, currentLeader=LeaderAndEpoch{leader=Optional[localhost:51695 (id: 0 rack: null)], epoch=0}}.
]]></system-out>
  </testcase>
</testsuite>